2013-05-21 17:22:42,378 [Worker-94] INFO  o.e.m.c.i.i.nexus.NexusIndexManager - Updating index for repository: central|http://repo.maven.apache.org/maven2
2013-05-21 17:22:42,489 [Worker-94] INFO  c.n.h.c.p.n.NettyAsyncHttpProvider - Number of application's worked threads is 4
2013-05-21 17:22:52,969 [ModalContext] INFO  c.n.h.c.p.n.NettyAsyncHttpProvider - Number of application's worked threads is 4
2013-05-21 17:22:53,220 [New I/O client worker #2-1] INFO  o.e.m.c.i.e.AbstractTransferListenerAdapter - Downloading http://repo.maven.apache.org/maven2/org/apache/maven/plugins/maven-failsafe-plugin/2.12/maven-failsafe-plugin-2.12.pom
2013-05-21 17:22:53,564 [New I/O client worker #2-1] INFO  o.e.m.c.i.e.AbstractTransferListenerAdapter - Downloaded http://repo.maven.apache.org/maven2/org/apache/maven/plugins/maven-failsafe-plugin/2.12/maven-failsafe-plugin-2.12.pom
2013-05-21 17:22:53,756 [ModalContext] INFO  c.n.h.c.p.n.NettyAsyncHttpProvider - Number of application's worked threads is 4
2013-05-21 17:22:53,822 [New I/O client worker #3-1] INFO  o.e.m.c.i.e.AbstractTransferListenerAdapter - Downloading http://repo.maven.apache.org/maven2/org/apache/maven/surefire/surefire/2.12/surefire-2.12.pom
2013-05-21 17:22:53,833 [New I/O client worker #3-1] INFO  o.e.m.c.i.e.AbstractTransferListenerAdapter - Downloaded http://repo.maven.apache.org/maven2/org/apache/maven/surefire/surefire/2.12/surefire-2.12.pom
2013-05-21 17:22:53,938 [ModalContext] INFO  c.n.h.c.p.n.NettyAsyncHttpProvider - Number of application's worked threads is 4
2013-05-21 17:22:54,096 [New I/O client worker #4-1] INFO  o.e.m.c.i.e.AbstractTransferListenerAdapter - Downloading http://repo.maven.apache.org/maven2/org/apache/maven/maven-parent/21/maven-parent-21.pom
2013-05-21 17:22:54,169 [New I/O client worker #4-1] INFO  o.e.m.c.i.e.AbstractTransferListenerAdapter - Downloaded http://repo.maven.apache.org/maven2/org/apache/maven/maven-parent/21/maven-parent-21.pom
2013-05-21 17:22:54,303 [ModalContext] INFO  c.n.h.c.p.n.NettyAsyncHttpProvider - Number of application's worked threads is 4
2013-05-21 17:22:54,426 [New I/O client worker #5-1] INFO  o.e.m.c.i.e.AbstractTransferListenerAdapter - Downloading http://repo.maven.apache.org/maven2/org/apache/maven/plugins/maven-failsafe-plugin/2.12/maven-failsafe-plugin-2.12.jar
2013-05-21 17:22:54,467 [New I/O client worker #5-1] INFO  o.e.m.c.i.e.AbstractTransferListenerAdapter - Downloaded http://repo.maven.apache.org/maven2/org/apache/maven/plugins/maven-failsafe-plugin/2.12/maven-failsafe-plugin-2.12.jar
2013-05-21 17:23:01,931 [ModalContext] WARN  o.e.m.i.discovery.MavenDiscovery - CatalogItem org.eclipse.m2e.discovery.lifecyclemapping.m2e-wtp does not contain lifecycle mapping metadata
2013-05-21 17:23:01,963 [ModalContext] WARN  o.e.m.i.discovery.MavenDiscovery - CatalogItem org.eclipse.m2e.discovery.lifecyclemapping.m2e-egit does not contain lifecycle mapping metadata
2013-05-21 17:23:01,964 [ModalContext] WARN  o.e.m.i.discovery.MavenDiscovery - CatalogItem org.eclipse.m2e.discovery.lifecyclemapping.m2e-subversive does not contain lifecycle mapping metadata
2013-05-21 17:23:01,965 [ModalContext] WARN  o.e.m.i.discovery.MavenDiscovery - CatalogItem org.eclipse.m2e.discovery.lifecyclemapping.m2e-subclipse does not contain lifecycle mapping metadata
2013-05-21 17:23:25,841 [Worker-95] INFO  o.e.m.c.i.l.LifecycleMappingFactory - Using org.eclipse.m2e.jdt.JarLifecycleMapping lifecycle mapping for MavenProject: scrumcourse:ScrumCourseDB:0.1.0-SNAPSHOT @ /Users/sbescudero/Downloads/ScrumCourseDB/pom.xml.
2013-05-21 17:23:25,850 [Worker-95] INFO  c.n.h.c.p.n.NettyAsyncHttpProvider - Number of application's worked threads is 4
2013-05-21 17:23:25,948 [New I/O client worker #6-1] INFO  o.e.m.c.i.e.AbstractTransferListenerAdapter - Downloading http://repo.maven.apache.org/maven2/com/google/guava/guava/14.0.1/guava-14.0.1.pom
2013-05-21 17:23:25,952 [New I/O client worker #6-1] INFO  o.e.m.c.i.e.AbstractTransferListenerAdapter - Downloaded http://repo.maven.apache.org/maven2/com/google/guava/guava/14.0.1/guava-14.0.1.pom
2013-05-21 17:23:26,011 [Worker-95] INFO  c.n.h.c.p.n.NettyAsyncHttpProvider - Number of application's worked threads is 4
2013-05-21 17:23:26,117 [New I/O client worker #7-1] INFO  o.e.m.c.i.e.AbstractTransferListenerAdapter - Downloading http://repo.maven.apache.org/maven2/com/google/guava/guava-parent/14.0.1/guava-parent-14.0.1.pom
2013-05-21 17:23:26,118 [New I/O client worker #7-1] INFO  o.e.m.c.i.e.AbstractTransferListenerAdapter - Downloaded http://repo.maven.apache.org/maven2/com/google/guava/guava-parent/14.0.1/guava-parent-14.0.1.pom
2013-05-21 17:23:26,179 [Worker-95] INFO  c.n.h.c.p.n.NettyAsyncHttpProvider - Number of application's worked threads is 4
2013-05-21 17:23:26,281 [New I/O client worker #8-1] INFO  o.e.m.c.i.e.AbstractTransferListenerAdapter - Downloading http://repo.maven.apache.org/maven2/org/sonatype/oss/oss-parent/7/oss-parent-7.pom
2013-05-21 17:23:26,282 [New I/O client worker #8-1] INFO  o.e.m.c.i.e.AbstractTransferListenerAdapter - Downloaded http://repo.maven.apache.org/maven2/org/sonatype/oss/oss-parent/7/oss-parent-7.pom
2013-05-21 17:23:26,351 [Worker-95] INFO  c.n.h.c.p.n.NettyAsyncHttpProvider - Number of application's worked threads is 4
2013-05-21 17:23:26,385 [New I/O client worker #9-1] INFO  o.e.m.c.i.e.AbstractTransferListenerAdapter - Downloading http://repo.maven.apache.org/maven2/org/hibernate/hibernate-entitymanager/3.6.9.Final/hibernate-entitymanager-3.6.9.Final.pom
2013-05-21 17:23:26,394 [New I/O client worker #9-1] INFO  o.e.m.c.i.e.AbstractTransferListenerAdapter - Downloaded http://repo.maven.apache.org/maven2/org/hibernate/hibernate-entitymanager/3.6.9.Final/hibernate-entitymanager-3.6.9.Final.pom
2013-05-21 17:23:26,425 [Worker-95] INFO  c.n.h.c.p.n.NettyAsyncHttpProvider - Number of application's worked threads is 4
2013-05-21 17:23:26,530 [New I/O client worker #10-1] INFO  o.e.m.c.i.e.AbstractTransferListenerAdapter - Downloading http://repo.maven.apache.org/maven2/org/hibernate/hibernate-parent/3.6.9.Final/hibernate-parent-3.6.9.Final.pom
2013-05-21 17:23:26,705 [New I/O client worker #10-1] INFO  o.e.m.c.i.e.AbstractTransferListenerAdapter - Downloaded http://repo.maven.apache.org/maven2/org/hibernate/hibernate-parent/3.6.9.Final/hibernate-parent-3.6.9.Final.pom
2013-05-21 17:23:26,766 [Worker-95] INFO  c.n.h.c.p.n.NettyAsyncHttpProvider - Number of application's worked threads is 4
2013-05-21 17:23:26,794 [New I/O client worker #11-1] INFO  o.e.m.c.i.e.AbstractTransferListenerAdapter - Downloading http://repo.maven.apache.org/maven2/org/hibernate/hibernate-core/3.6.9.Final/hibernate-core-3.6.9.Final.pom
2013-05-21 17:23:26,802 [New I/O client worker #11-1] INFO  o.e.m.c.i.e.AbstractTransferListenerAdapter - Downloaded http://repo.maven.apache.org/maven2/org/hibernate/hibernate-core/3.6.9.Final/hibernate-core-3.6.9.Final.pom
2013-05-21 17:23:26,874 [Worker-95] INFO  c.n.h.c.p.n.NettyAsyncHttpProvider - Number of application's worked threads is 4
2013-05-21 17:23:26,903 [New I/O client worker #12-1] INFO  o.e.m.c.i.e.AbstractTransferListenerAdapter - Downloading http://repo.maven.apache.org/maven2/commons-collections/commons-collections/3.1/commons-collections-3.1.pom
2013-05-21 17:23:26,904 [New I/O client worker #12-1] INFO  o.e.m.c.i.e.AbstractTransferListenerAdapter - Downloaded http://repo.maven.apache.org/maven2/commons-collections/commons-collections/3.1/commons-collections-3.1.pom
2013-05-21 17:23:26,937 [Worker-95] INFO  c.n.h.c.p.n.NettyAsyncHttpProvider - Number of application's worked threads is 4
2013-05-21 17:23:26,974 [New I/O client worker #13-1] INFO  o.e.m.c.i.e.AbstractTransferListenerAdapter - Downloading http://repo.maven.apache.org/maven2/org/hibernate/hibernate-commons-annotations/3.2.0.Final/hibernate-commons-annotations-3.2.0.Final.pom
2013-05-21 17:23:26,975 [New I/O client worker #13-1] INFO  o.e.m.c.i.e.AbstractTransferListenerAdapter - Downloaded http://repo.maven.apache.org/maven2/org/hibernate/hibernate-commons-annotations/3.2.0.Final/hibernate-commons-annotations-3.2.0.Final.pom
2013-05-21 17:23:27,023 [Worker-95] INFO  c.n.h.c.p.n.NettyAsyncHttpProvider - Number of application's worked threads is 4
2013-05-21 17:23:27,117 [New I/O client worker #14-1] INFO  o.e.m.c.i.e.AbstractTransferListenerAdapter - Downloading http://repo.maven.apache.org/maven2/org/slf4j/slf4j-api/1.5.8/slf4j-api-1.5.8.pom
2013-05-21 17:23:27,117 [New I/O client worker #14-1] INFO  o.e.m.c.i.e.AbstractTransferListenerAdapter - Downloaded http://repo.maven.apache.org/maven2/org/slf4j/slf4j-api/1.5.8/slf4j-api-1.5.8.pom
2013-05-21 17:23:27,169 [Worker-95] INFO  c.n.h.c.p.n.NettyAsyncHttpProvider - Number of application's worked threads is 4
2013-05-21 17:23:27,199 [New I/O client worker #15-1] INFO  o.e.m.c.i.e.AbstractTransferListenerAdapter - Downloading http://repo.maven.apache.org/maven2/org/slf4j/slf4j-parent/1.5.8/slf4j-parent-1.5.8.pom
2013-05-21 17:23:27,200 [New I/O client worker #15-1] INFO  o.e.m.c.i.e.AbstractTransferListenerAdapter - Downloaded http://repo.maven.apache.org/maven2/org/slf4j/slf4j-parent/1.5.8/slf4j-parent-1.5.8.pom
2013-05-21 17:23:27,230 [Worker-95] INFO  c.n.h.c.p.n.NettyAsyncHttpProvider - Number of application's worked threads is 4
2013-05-21 17:23:27,348 [New I/O client worker #16-1] INFO  o.e.m.c.i.e.AbstractTransferListenerAdapter - Downloading http://repo.maven.apache.org/maven2/org/hibernate/javax/persistence/hibernate-jpa-2.0-api/1.0.1.Final/hibernate-jpa-2.0-api-1.0.1.Final.pom
2013-05-21 17:23:27,349 [New I/O client worker #16-1] INFO  o.e.m.c.i.e.AbstractTransferListenerAdapter - Downloaded http://repo.maven.apache.org/maven2/org/hibernate/javax/persistence/hibernate-jpa-2.0-api/1.0.1.Final/hibernate-jpa-2.0-api-1.0.1.Final.pom
2013-05-21 17:23:27,495 [Worker-95] INFO  c.n.h.c.p.n.NettyAsyncHttpProvider - Number of application's worked threads is 4
2013-05-21 17:23:27,617 [New I/O client worker #17-1] INFO  o.e.m.c.i.e.AbstractTransferListenerAdapter - Downloading http://repo.maven.apache.org/maven2/org/slf4j/slf4j-api/1.6.1/slf4j-api-1.6.1.pom
2013-05-21 17:23:27,619 [New I/O client worker #17-1] INFO  o.e.m.c.i.e.AbstractTransferListenerAdapter - Downloaded http://repo.maven.apache.org/maven2/org/slf4j/slf4j-api/1.6.1/slf4j-api-1.6.1.pom
2013-05-21 17:23:27,685 [Worker-95] INFO  c.n.h.c.p.n.NettyAsyncHttpProvider - Number of application's worked threads is 4
2013-05-21 17:23:27,799 [New I/O client worker #18-1] INFO  o.e.m.c.i.e.AbstractTransferListenerAdapter - Downloading http://repo.maven.apache.org/maven2/org/slf4j/slf4j-parent/1.6.1/slf4j-parent-1.6.1.pom
2013-05-21 17:23:28,517 [New I/O client worker #18-1] INFO  o.e.m.c.i.e.AbstractTransferListenerAdapter - Downloaded http://repo.maven.apache.org/maven2/org/slf4j/slf4j-parent/1.6.1/slf4j-parent-1.6.1.pom
2013-05-21 17:23:28,585 [Worker-95] INFO  c.n.h.c.p.n.NettyAsyncHttpProvider - Number of application's worked threads is 4
2013-05-21 17:23:28,696 [New I/O client worker #19-1] INFO  o.e.m.c.i.e.AbstractTransferListenerAdapter - Downloading http://repo.maven.apache.org/maven2/cglib/cglib/2.2/cglib-2.2.pom
2013-05-21 17:23:28,696 [New I/O client worker #19-1] INFO  o.e.m.c.i.e.AbstractTransferListenerAdapter - Downloaded http://repo.maven.apache.org/maven2/cglib/cglib/2.2/cglib-2.2.pom
2013-05-21 17:23:28,755 [Worker-95] INFO  c.n.h.c.p.n.NettyAsyncHttpProvider - Number of application's worked threads is 4
2013-05-21 17:23:28,865 [New I/O client worker #20-1] INFO  o.e.m.c.i.e.AbstractTransferListenerAdapter - Downloading http://repo.maven.apache.org/maven2/asm/asm/3.1/asm-3.1.pom
2013-05-21 17:23:28,866 [New I/O client worker #20-1] INFO  o.e.m.c.i.e.AbstractTransferListenerAdapter - Downloaded http://repo.maven.apache.org/maven2/asm/asm/3.1/asm-3.1.pom
2013-05-21 17:23:28,926 [Worker-95] INFO  c.n.h.c.p.n.NettyAsyncHttpProvider - Number of application's worked threads is 4
2013-05-21 17:23:29,007 [New I/O client worker #21-1] INFO  o.e.m.c.i.e.AbstractTransferListenerAdapter - Downloading http://repo.maven.apache.org/maven2/asm/asm-parent/3.1/asm-parent-3.1.pom
2013-05-21 17:23:29,008 [New I/O client worker #21-1] INFO  o.e.m.c.i.e.AbstractTransferListenerAdapter - Downloaded http://repo.maven.apache.org/maven2/asm/asm-parent/3.1/asm-parent-3.1.pom
2013-05-21 17:23:29,063 [Worker-95] INFO  c.n.h.c.p.n.NettyAsyncHttpProvider - Number of application's worked threads is 4
2013-05-21 17:23:29,478 [New I/O client worker #22-1] INFO  o.e.m.c.i.e.AbstractTransferListenerAdapter - Downloading http://repo.maven.apache.org/maven2/javassist/javassist/3.12.0.GA/javassist-3.12.0.GA.pom
2013-05-21 17:23:29,478 [New I/O client worker #22-1] INFO  o.e.m.c.i.e.AbstractTransferListenerAdapter - Downloaded http://repo.maven.apache.org/maven2/javassist/javassist/3.12.0.GA/javassist-3.12.0.GA.pom
2013-05-21 17:23:29,561 [Worker-95] INFO  c.n.h.c.p.n.NettyAsyncHttpProvider - Number of application's worked threads is 4
2013-05-21 17:23:29,664 [New I/O client worker #23-1] INFO  o.e.m.c.i.e.AbstractTransferListenerAdapter - Downloading http://repo.maven.apache.org/maven2/org/slf4j/slf4j-log4j12/1.6.4/slf4j-log4j12-1.6.4.pom
2013-05-21 17:23:29,664 [New I/O client worker #23-1] INFO  o.e.m.c.i.e.AbstractTransferListenerAdapter - Downloaded http://repo.maven.apache.org/maven2/org/slf4j/slf4j-log4j12/1.6.4/slf4j-log4j12-1.6.4.pom
2013-05-21 17:23:29,728 [Worker-95] INFO  c.n.h.c.p.n.NettyAsyncHttpProvider - Number of application's worked threads is 4
2013-05-21 17:23:29,835 [New I/O client worker #24-1] INFO  o.e.m.c.i.e.AbstractTransferListenerAdapter - Downloading http://repo.maven.apache.org/maven2/org/slf4j/slf4j-parent/1.6.4/slf4j-parent-1.6.4.pom
2013-05-21 17:23:30,118 [New I/O client worker #24-1] INFO  o.e.m.c.i.e.AbstractTransferListenerAdapter - Downloaded http://repo.maven.apache.org/maven2/org/slf4j/slf4j-parent/1.6.4/slf4j-parent-1.6.4.pom
2013-05-21 17:23:30,186 [Worker-95] INFO  c.n.h.c.p.n.NettyAsyncHttpProvider - Number of application's worked threads is 4
2013-05-21 17:23:30,390 [New I/O client worker #25-1] INFO  o.e.m.c.i.e.AbstractTransferListenerAdapter - Downloading http://repo.maven.apache.org/maven2/org/slf4j/slf4j-api/1.6.4/slf4j-api-1.6.4.pom
2013-05-21 17:23:30,391 [New I/O client worker #25-1] INFO  o.e.m.c.i.e.AbstractTransferListenerAdapter - Downloaded http://repo.maven.apache.org/maven2/org/slf4j/slf4j-api/1.6.4/slf4j-api-1.6.4.pom
2013-05-21 17:23:30,522 [Worker-95] INFO  c.n.h.c.p.n.NettyAsyncHttpProvider - Number of application's worked threads is 4
2013-05-21 17:23:30,655 [New I/O client worker #26-1] INFO  o.e.m.c.i.e.AbstractTransferListenerAdapter - Downloading http://repo.maven.apache.org/maven2/log4j/log4j/1.2.16/log4j-1.2.16.pom
2013-05-21 17:23:30,715 [New I/O client worker #26-1] INFO  o.e.m.c.i.e.AbstractTransferListenerAdapter - Downloaded http://repo.maven.apache.org/maven2/log4j/log4j/1.2.16/log4j-1.2.16.pom
2013-05-21 17:23:30,851 [Worker-95] INFO  c.n.h.c.p.n.NettyAsyncHttpProvider - Number of application's worked threads is 4
2013-05-21 17:23:30,946 [New I/O client worker #27-1] INFO  o.e.m.c.i.e.AbstractTransferListenerAdapter - Downloading http://repo.maven.apache.org/maven2/junit/junit/4.10/junit-4.10.pom
2013-05-21 17:23:30,946 [New I/O client worker #27-1] INFO  o.e.m.c.i.e.AbstractTransferListenerAdapter - Downloaded http://repo.maven.apache.org/maven2/junit/junit/4.10/junit-4.10.pom
2013-05-21 17:23:31,004 [Worker-95] INFO  c.n.h.c.p.n.NettyAsyncHttpProvider - Number of application's worked threads is 4
2013-05-21 17:23:32,269 [New I/O client worker #28-1] INFO  o.e.m.c.i.e.AbstractTransferListenerAdapter - Downloading http://repo.maven.apache.org/maven2/org/hamcrest/hamcrest-core/1.1/hamcrest-core-1.1.pom
2013-05-21 17:23:32,270 [New I/O client worker #28-1] INFO  o.e.m.c.i.e.AbstractTransferListenerAdapter - Downloaded http://repo.maven.apache.org/maven2/org/hamcrest/hamcrest-core/1.1/hamcrest-core-1.1.pom
2013-05-21 17:23:32,325 [Worker-95] INFO  c.n.h.c.p.n.NettyAsyncHttpProvider - Number of application's worked threads is 4
2013-05-21 17:23:32,439 [New I/O client worker #29-1] INFO  o.e.m.c.i.e.AbstractTransferListenerAdapter - Downloading http://repo.maven.apache.org/maven2/org/hamcrest/hamcrest-parent/1.1/hamcrest-parent-1.1.pom
2013-05-21 17:23:32,440 [New I/O client worker #29-1] INFO  o.e.m.c.i.e.AbstractTransferListenerAdapter - Downloaded http://repo.maven.apache.org/maven2/org/hamcrest/hamcrest-parent/1.1/hamcrest-parent-1.1.pom
2013-05-21 17:23:32,509 [Worker-95] INFO  c.n.h.c.p.n.NettyAsyncHttpProvider - Number of application's worked threads is 4
2013-05-21 17:23:32,601 [New I/O client worker #30-1] INFO  o.e.m.c.i.e.AbstractTransferListenerAdapter - Downloading http://repo.maven.apache.org/maven2/org/apache/derby/derby/10.4.1.3/derby-10.4.1.3.pom
2013-05-21 17:23:32,601 [New I/O client worker #30-1] INFO  o.e.m.c.i.e.AbstractTransferListenerAdapter - Downloaded http://repo.maven.apache.org/maven2/org/apache/derby/derby/10.4.1.3/derby-10.4.1.3.pom
2013-05-21 17:23:32,691 [Worker-95] INFO  c.n.h.c.p.n.NettyAsyncHttpProvider - Number of application's worked threads is 4
2013-05-21 17:23:32,780 [New I/O client worker #31-1] INFO  o.e.m.c.i.e.AbstractTransferListenerAdapter - Downloading http://repo.maven.apache.org/maven2/com/google/guava/guava/14.0.1/guava-14.0.1.jar
2013-05-21 17:23:32,789 [New I/O client worker #31-2] INFO  o.e.m.c.i.e.AbstractTransferListenerAdapter - Downloading http://repo.maven.apache.org/maven2/org/hibernate/hibernate-entitymanager/3.6.9.Final/hibernate-entitymanager-3.6.9.Final.jar
2013-05-21 17:23:32,802 [New I/O client worker #31-3] INFO  o.e.m.c.i.e.AbstractTransferListenerAdapter - Downloading http://repo.maven.apache.org/maven2/org/hibernate/hibernate-core/3.6.9.Final/hibernate-core-3.6.9.Final.jar
2013-05-21 17:23:32,805 [New I/O client worker #31-4] INFO  o.e.m.c.i.e.AbstractTransferListenerAdapter - Downloading http://repo.maven.apache.org/maven2/commons-collections/commons-collections/3.1/commons-collections-3.1.jar
2013-05-21 17:23:32,811 [New I/O client worker #31-2] INFO  o.e.m.c.i.e.AbstractTransferListenerAdapter - Downloading http://repo.maven.apache.org/maven2/cglib/cglib/2.2/cglib-2.2.jar
2013-05-21 17:23:32,813 [New I/O client worker #31-3] INFO  o.e.m.c.i.e.AbstractTransferListenerAdapter - Downloading http://repo.maven.apache.org/maven2/asm/asm/3.1/asm-3.1.jar
2013-05-21 17:23:32,817 [New I/O client worker #31-2] INFO  o.e.m.c.i.e.AbstractTransferListenerAdapter - Downloading http://repo.maven.apache.org/maven2/org/slf4j/slf4j-api/1.6.1/slf4j-api-1.6.1.jar
2013-05-21 17:23:32,819 [New I/O client worker #31-1] INFO  o.e.m.c.i.e.AbstractTransferListenerAdapter - Downloading http://repo.maven.apache.org/maven2/org/hibernate/javax/persistence/hibernate-jpa-2.0-api/1.0.1.Final/hibernate-jpa-2.0-api-1.0.1.Final.jar
2013-05-21 17:23:32,822 [New I/O client worker #31-2] INFO  o.e.m.c.i.e.AbstractTransferListenerAdapter - Downloading http://repo.maven.apache.org/maven2/org/hamcrest/hamcrest-core/1.1/hamcrest-core-1.1.jar
2013-05-21 17:23:32,824 [New I/O client worker #31-1] INFO  o.e.m.c.i.e.AbstractTransferListenerAdapter - Downloading http://repo.maven.apache.org/maven2/junit/junit/4.10/junit-4.10.jar
2013-05-21 17:23:32,825 [New I/O client worker #31-4] INFO  o.e.m.c.i.e.AbstractTransferListenerAdapter - Downloading http://repo.maven.apache.org/maven2/javassist/javassist/3.12.0.GA/javassist-3.12.0.GA.jar
2013-05-21 17:23:32,828 [New I/O client worker #31-3] INFO  o.e.m.c.i.e.AbstractTransferListenerAdapter - Downloading http://repo.maven.apache.org/maven2/org/slf4j/slf4j-log4j12/1.6.4/slf4j-log4j12-1.6.4.jar
2013-05-21 17:23:32,837 [New I/O client worker #31-4] INFO  o.e.m.c.i.e.AbstractTransferListenerAdapter - Downloading http://repo.maven.apache.org/maven2/log4j/log4j/1.2.16/log4j-1.2.16.jar
2013-05-21 17:23:33,017 [New I/O client worker #31-1] INFO  o.e.m.c.i.e.AbstractTransferListenerAdapter - Downloading http://repo.maven.apache.org/maven2/org/hibernate/hibernate-commons-annotations/3.2.0.Final/hibernate-commons-annotations-3.2.0.Final.jar
2013-05-21 17:23:33,062 [New I/O client worker #31-3] INFO  o.e.m.c.i.e.AbstractTransferListenerAdapter - Downloading http://repo.maven.apache.org/maven2/org/apache/derby/derby/10.4.1.3/derby-10.4.1.3.jar
2013-05-21 17:23:33,291 [New I/O client worker #31-2] INFO  o.e.m.c.i.e.AbstractTransferListenerAdapter - Downloaded http://repo.maven.apache.org/maven2/org/slf4j/slf4j-api/1.6.1/slf4j-api-1.6.1.jar
2013-05-21 17:23:33,412 [New I/O client worker #31-3] INFO  o.e.m.c.i.e.AbstractTransferListenerAdapter - Downloaded http://repo.maven.apache.org/maven2/org/slf4j/slf4j-log4j12/1.6.4/slf4j-log4j12-1.6.4.jar
2013-05-21 17:23:33,416 [New I/O client worker #31-1] INFO  o.e.m.c.i.e.AbstractTransferListenerAdapter - Downloaded http://repo.maven.apache.org/maven2/org/hibernate/javax/persistence/hibernate-jpa-2.0-api/1.0.1.Final/hibernate-jpa-2.0-api-1.0.1.Final.jar
2013-05-21 17:23:33,638 [New I/O client worker #31-3] INFO  o.e.m.c.i.e.AbstractTransferListenerAdapter - Downloaded http://repo.maven.apache.org/maven2/asm/asm/3.1/asm-3.1.jar
2013-05-21 17:23:33,838 [New I/O client worker #31-2] INFO  o.e.m.c.i.e.AbstractTransferListenerAdapter - Downloaded http://repo.maven.apache.org/maven2/org/hamcrest/hamcrest-core/1.1/hamcrest-core-1.1.jar
2013-05-21 17:23:34,389 [New I/O client worker #31-2] INFO  o.e.m.c.i.e.AbstractTransferListenerAdapter - Downloaded http://repo.maven.apache.org/maven2/org/hibernate/hibernate-entitymanager/3.6.9.Final/hibernate-entitymanager-3.6.9.Final.jar
2013-05-21 17:23:34,732 [New I/O client worker #31-1] INFO  o.e.m.c.i.e.AbstractTransferListenerAdapter - Downloaded http://repo.maven.apache.org/maven2/junit/junit/4.10/junit-4.10.jar
2013-05-21 17:23:35,106 [New I/O client worker #31-4] INFO  o.e.m.c.i.e.AbstractTransferListenerAdapter - Downloaded http://repo.maven.apache.org/maven2/log4j/log4j/1.2.16/log4j-1.2.16.jar
2013-05-21 17:23:35,394 [New I/O client worker #31-1] INFO  o.e.m.c.i.e.AbstractTransferListenerAdapter - Downloaded http://repo.maven.apache.org/maven2/org/hibernate/hibernate-commons-annotations/3.2.0.Final/hibernate-commons-annotations-3.2.0.Final.jar
2013-05-21 17:23:35,622 [New I/O client worker #31-4] INFO  o.e.m.c.i.e.AbstractTransferListenerAdapter - Downloaded http://repo.maven.apache.org/maven2/javassist/javassist/3.12.0.GA/javassist-3.12.0.GA.jar
2013-05-21 17:23:35,745 [New I/O client worker #31-2] INFO  o.e.m.c.i.e.AbstractTransferListenerAdapter - Downloaded http://repo.maven.apache.org/maven2/cglib/cglib/2.2/cglib-2.2.jar
2013-05-21 17:23:35,803 [New I/O client worker #31-4] INFO  o.e.m.c.i.e.AbstractTransferListenerAdapter - Downloaded http://repo.maven.apache.org/maven2/commons-collections/commons-collections/3.1/commons-collections-3.1.jar
2013-05-21 17:23:41,810 [New I/O client worker #31-1] INFO  o.e.m.c.i.e.AbstractTransferListenerAdapter - Downloaded http://repo.maven.apache.org/maven2/com/google/guava/guava/14.0.1/guava-14.0.1.jar
2013-05-21 17:23:43,059 [New I/O client worker #31-3] INFO  o.e.m.c.i.e.AbstractTransferListenerAdapter - Downloaded http://repo.maven.apache.org/maven2/org/apache/derby/derby/10.4.1.3/derby-10.4.1.3.jar
2013-05-21 17:23:44,448 [New I/O client worker #31-3] INFO  o.e.m.c.i.e.AbstractTransferListenerAdapter - Downloaded http://repo.maven.apache.org/maven2/org/hibernate/hibernate-core/3.6.9.Final/hibernate-core-3.6.9.Final.jar
2013-05-21 17:23:46,851 [Worker-95] INFO  o.e.m.j.i.AbstractJavaProjectConfigurator - Adding source folder /ScrumCourseDB/src/main/java
2013-05-21 17:23:46,852 [Worker-95] INFO  o.e.m.j.i.AbstractJavaProjectConfigurator - Adding resource folder /ScrumCourseDB/src/main/resources
2013-05-21 17:23:46,861 [Worker-95] INFO  o.e.m.j.i.AbstractJavaProjectConfigurator - Adding source folder /ScrumCourseDB/src/test/java
2013-05-21 17:23:46,926 [Worker-83] INFO  o.e.m.c.i.l.LifecycleMappingFactory - Using org.eclipse.m2e.jdt.JarLifecycleMapping lifecycle mapping for MavenProject: scrumcourse:ScrumCourseDB:0.1.0-SNAPSHOT @ /Users/sbescudero/Downloads/ScrumCourseDB/pom.xml.
2013-05-21 17:23:48,416 [Worker-95] INFO  o.e.m.c.i.p.ProjectConfigurationManager - Project import completed 25 sec
2013-05-21 17:23:48,845 [Worker-98] INFO  o.e.m.c.i.p.ProjectConfigurationManager - Update started
2013-05-21 17:23:48,846 [Worker-98] INFO  o.e.m.c.i.p.ProjectConfigurationManager - Update completed: 0 sec
2013-05-21 17:23:49,366 [Worker-98] INFO  o.e.m.c.i.l.LifecycleMappingFactory - Using org.eclipse.m2e.jdt.JarLifecycleMapping lifecycle mapping for MavenProject: scrumcourse:ScrumCourseDB:0.1.0-SNAPSHOT @ /Users/sbescudero/Downloads/ScrumCourseDB/pom.xml.
2013-05-21 17:23:50,063 [Worker-98] WARN  o.e.m.c.i.embedder.EclipseLogger - Using platform encoding (MacRoman actually) to copy filtered resources, i.e. build is platform dependent!
2013-05-21 17:23:50,079 [Worker-98] INFO  o.e.m.c.i.embedder.EclipseLogger - Copying 2 resources
2013-05-21 17:23:50,094 [Worker-98] WARN  o.e.m.c.i.embedder.EclipseLogger - Using platform encoding (MacRoman actually) to copy filtered resources, i.e. build is platform dependent!
2013-05-21 17:23:50,094 [Worker-98] INFO  o.e.m.c.i.embedder.EclipseLogger - skip non existing resourceDirectory /Users/sbescudero/Downloads/ScrumCourseDB/src/test/resources
2013-05-21 17:23:53,175 [Worker-100] WARN  o.e.m.c.i.embedder.EclipseLogger - Using platform encoding (MacRoman actually) to copy filtered resources, i.e. build is platform dependent!
2013-05-21 17:23:53,180 [Worker-100] INFO  o.e.m.c.i.embedder.EclipseLogger - Copying 0 resource
2013-05-21 17:23:53,182 [Worker-100] WARN  o.e.m.c.i.embedder.EclipseLogger - Using platform encoding (MacRoman actually) to copy filtered resources, i.e. build is platform dependent!
2013-05-21 17:23:53,183 [Worker-100] INFO  o.e.m.c.i.embedder.EclipseLogger - skip non existing resourceDirectory /Users/sbescudero/Downloads/ScrumCourseDB/src/test/resources
2013-05-21 17:26:32,255 [Worker-97] WARN  o.e.m.c.i.embedder.EclipseLogger - Using platform encoding (MacRoman actually) to copy filtered resources, i.e. build is platform dependent!
2013-05-21 17:26:32,261 [Worker-97] INFO  o.e.m.c.i.embedder.EclipseLogger - Copying 2 resources
2013-05-21 17:26:32,267 [Worker-97] WARN  o.e.m.c.i.embedder.EclipseLogger - Using platform encoding (MacRoman actually) to copy filtered resources, i.e. build is platform dependent!
2013-05-21 17:26:32,267 [Worker-97] INFO  o.e.m.c.i.embedder.EclipseLogger - skip non existing resourceDirectory /Users/sbescudero/Downloads/ScrumCourseDB/src/test/resources
2013-05-21 17:26:41,811 [Worker-94] INFO  o.e.m.c.i.i.nexus.NexusIndexManager - Updated index for repository: central|http://repo.maven.apache.org/maven2 in 239443 ms
2013-05-21 17:27:33,224 [Worker-97] WARN  o.e.m.c.i.embedder.EclipseLogger - Using platform encoding (MacRoman actually) to copy filtered resources, i.e. build is platform dependent!
2013-05-21 17:27:33,226 [Worker-97] INFO  o.e.m.c.i.embedder.EclipseLogger - Copying 0 resource
2013-05-21 17:27:33,229 [Worker-97] WARN  o.e.m.c.i.embedder.EclipseLogger - Using platform encoding (MacRoman actually) to copy filtered resources, i.e. build is platform dependent!
2013-05-21 17:27:33,229 [Worker-97] INFO  o.e.m.c.i.embedder.EclipseLogger - skip non existing resourceDirectory /Users/sbescudero/Downloads/ScrumCourseDB/src/test/resources
2013-05-21 17:27:54,565 [Worker-99] INFO  o.e.m.c.i.l.LifecycleMappingFactory - Using org.eclipse.m2e.jdt.JarLifecycleMapping lifecycle mapping for MavenProject: scrumcourse:ScrumCourseDB:0.1.0-SNAPSHOT @ /Users/sbescudero/Downloads/ScrumCourseDB/pom.xml.
2013-05-21 17:27:54,902 [Worker-99] WARN  o.e.m.c.i.embedder.EclipseLogger - Using platform encoding (MacRoman actually) to copy filtered resources, i.e. build is platform dependent!
2013-05-21 17:27:54,904 [Worker-99] INFO  o.e.m.c.i.embedder.EclipseLogger - Copying 2 resources
2013-05-21 17:27:54,907 [Worker-99] WARN  o.e.m.c.i.embedder.EclipseLogger - Using platform encoding (MacRoman actually) to copy filtered resources, i.e. build is platform dependent!
2013-05-21 17:27:54,907 [Worker-99] INFO  o.e.m.c.i.embedder.EclipseLogger - skip non existing resourceDirectory /Users/sbescudero/Downloads/ScrumCourseDB/src/test/resources
2013-05-21 17:40:29,569 [Worker-100] INFO  o.e.m.c.i.l.LifecycleMappingFactory - Using org.eclipse.m2e.jdt.JarLifecycleMapping lifecycle mapping for MavenProject: scrumcourse:ScrumCourseDB:0.1.0-SNAPSHOT @ /Users/sbescudero/Downloads/ScrumCourseDB/pom.xml.
2013-05-21 17:40:30,164 [Worker-100] WARN  o.e.m.c.i.embedder.EclipseLogger - Using platform encoding (MacRoman actually) to copy filtered resources, i.e. build is platform dependent!
2013-05-21 17:40:30,168 [Worker-100] INFO  o.e.m.c.i.embedder.EclipseLogger - Copying 2 resources
2013-05-21 17:40:30,173 [Worker-100] WARN  o.e.m.c.i.embedder.EclipseLogger - Using platform encoding (MacRoman actually) to copy filtered resources, i.e. build is platform dependent!
2013-05-21 17:40:30,174 [Worker-100] INFO  o.e.m.c.i.embedder.EclipseLogger - skip non existing resourceDirectory /Users/sbescudero/Downloads/ScrumCourseDB/src/test/resources
2013-05-21 17:41:23,813 [Worker-111] WARN  o.e.m.c.i.embedder.EclipseLogger - Using platform encoding (MacRoman actually) to copy filtered resources, i.e. build is platform dependent!
2013-05-21 17:41:23,815 [Worker-111] INFO  o.e.m.c.i.embedder.EclipseLogger - Copying 2 resources
2013-05-21 17:41:23,818 [Worker-111] WARN  o.e.m.c.i.embedder.EclipseLogger - Using platform encoding (MacRoman actually) to copy filtered resources, i.e. build is platform dependent!
2013-05-21 17:41:23,818 [Worker-111] INFO  o.e.m.c.i.embedder.EclipseLogger - skip non existing resourceDirectory /Users/sbescudero/Downloads/ScrumCourseDB/src/test/resources
2013-05-21 17:41:39,723 [Worker-109] WARN  o.e.m.c.i.embedder.EclipseLogger - Using platform encoding (MacRoman actually) to copy filtered resources, i.e. build is platform dependent!
2013-05-21 17:41:39,725 [Worker-109] INFO  o.e.m.c.i.embedder.EclipseLogger - Copying 2 resources
2013-05-21 17:41:39,728 [Worker-109] WARN  o.e.m.c.i.embedder.EclipseLogger - Using platform encoding (MacRoman actually) to copy filtered resources, i.e. build is platform dependent!
2013-05-21 17:41:39,728 [Worker-109] INFO  o.e.m.c.i.embedder.EclipseLogger - skip non existing resourceDirectory /Users/sbescudero/Downloads/ScrumCourseDB/src/test/resources
2013-05-21 17:41:54,825 [Worker-110] WARN  o.e.m.c.i.embedder.EclipseLogger - Using platform encoding (MacRoman actually) to copy filtered resources, i.e. build is platform dependent!
2013-05-21 17:41:54,827 [Worker-110] INFO  o.e.m.c.i.embedder.EclipseLogger - Copying 2 resources
2013-05-21 17:41:54,841 [Worker-110] WARN  o.e.m.c.i.embedder.EclipseLogger - Using platform encoding (MacRoman actually) to copy filtered resources, i.e. build is platform dependent!
2013-05-21 17:41:54,842 [Worker-110] INFO  o.e.m.c.i.embedder.EclipseLogger - skip non existing resourceDirectory /Users/sbescudero/Downloads/ScrumCourseDB/src/test/resources
2013-05-21 17:42:13,557 [Worker-111] WARN  o.e.m.c.i.embedder.EclipseLogger - Using platform encoding (MacRoman actually) to copy filtered resources, i.e. build is platform dependent!
2013-05-21 17:42:13,560 [Worker-111] INFO  o.e.m.c.i.embedder.EclipseLogger - Copying 2 resources
2013-05-21 17:42:13,562 [Worker-111] WARN  o.e.m.c.i.embedder.EclipseLogger - Using platform encoding (MacRoman actually) to copy filtered resources, i.e. build is platform dependent!
2013-05-21 17:42:13,563 [Worker-111] INFO  o.e.m.c.i.embedder.EclipseLogger - skip non existing resourceDirectory /Users/sbescudero/Downloads/ScrumCourseDB/src/test/resources
2013-05-21 17:42:40,071 [Worker-106] WARN  o.e.m.c.i.embedder.EclipseLogger - Using platform encoding (MacRoman actually) to copy filtered resources, i.e. build is platform dependent!
2013-05-21 17:42:40,087 [Worker-106] INFO  o.e.m.c.i.embedder.EclipseLogger - Copying 2 resources
2013-05-21 17:42:40,090 [Worker-106] WARN  o.e.m.c.i.embedder.EclipseLogger - Using platform encoding (MacRoman actually) to copy filtered resources, i.e. build is platform dependent!
2013-05-21 17:42:40,091 [Worker-106] INFO  o.e.m.c.i.embedder.EclipseLogger - skip non existing resourceDirectory /Users/sbescudero/Downloads/ScrumCourseDB/src/test/resources
2013-05-21 17:43:28,154 [Worker-107] WARN  o.e.m.c.i.embedder.EclipseLogger - Using platform encoding (MacRoman actually) to copy filtered resources, i.e. build is platform dependent!
2013-05-21 17:43:28,156 [Worker-107] INFO  o.e.m.c.i.embedder.EclipseLogger - Copying 2 resources
2013-05-21 17:43:28,158 [Worker-107] WARN  o.e.m.c.i.embedder.EclipseLogger - Using platform encoding (MacRoman actually) to copy filtered resources, i.e. build is platform dependent!
2013-05-21 17:43:28,158 [Worker-107] INFO  o.e.m.c.i.embedder.EclipseLogger - skip non existing resourceDirectory /Users/sbescudero/Downloads/ScrumCourseDB/src/test/resources
2013-05-21 17:43:37,260 [Worker-108] WARN  o.e.m.c.i.embedder.EclipseLogger - Using platform encoding (MacRoman actually) to copy filtered resources, i.e. build is platform dependent!
2013-05-21 17:43:37,262 [Worker-108] INFO  o.e.m.c.i.embedder.EclipseLogger - Copying 2 resources
2013-05-21 17:43:37,267 [Worker-108] WARN  o.e.m.c.i.embedder.EclipseLogger - Using platform encoding (MacRoman actually) to copy filtered resources, i.e. build is platform dependent!
2013-05-21 17:43:37,268 [Worker-108] INFO  o.e.m.c.i.embedder.EclipseLogger - skip non existing resourceDirectory /Users/sbescudero/Downloads/ScrumCourseDB/src/test/resources
2013-05-21 17:43:42,026 [Worker-106] WARN  o.e.m.c.i.embedder.EclipseLogger - Using platform encoding (MacRoman actually) to copy filtered resources, i.e. build is platform dependent!
2013-05-21 17:43:42,064 [Worker-106] INFO  o.e.m.c.i.embedder.EclipseLogger - Copying 2 resources
2013-05-21 17:43:42,066 [Worker-106] WARN  o.e.m.c.i.embedder.EclipseLogger - Using platform encoding (MacRoman actually) to copy filtered resources, i.e. build is platform dependent!
2013-05-21 17:43:42,067 [Worker-106] INFO  o.e.m.c.i.embedder.EclipseLogger - skip non existing resourceDirectory /Users/sbescudero/Downloads/ScrumCourseDB/src/test/resources
2013-05-21 17:43:52,751 [Worker-106] WARN  o.e.m.c.i.embedder.EclipseLogger - Using platform encoding (MacRoman actually) to copy filtered resources, i.e. build is platform dependent!
2013-05-21 17:43:52,753 [Worker-106] INFO  o.e.m.c.i.embedder.EclipseLogger - Copying 2 resources
2013-05-21 17:43:52,755 [Worker-106] WARN  o.e.m.c.i.embedder.EclipseLogger - Using platform encoding (MacRoman actually) to copy filtered resources, i.e. build is platform dependent!
2013-05-21 17:43:52,756 [Worker-106] INFO  o.e.m.c.i.embedder.EclipseLogger - skip non existing resourceDirectory /Users/sbescudero/Downloads/ScrumCourseDB/src/test/resources
2013-05-21 17:44:00,605 [Worker-111] WARN  o.e.m.c.i.embedder.EclipseLogger - Using platform encoding (MacRoman actually) to copy filtered resources, i.e. build is platform dependent!
2013-05-21 17:44:00,607 [Worker-111] INFO  o.e.m.c.i.embedder.EclipseLogger - Copying 2 resources
2013-05-21 17:44:00,610 [Worker-111] WARN  o.e.m.c.i.embedder.EclipseLogger - Using platform encoding (MacRoman actually) to copy filtered resources, i.e. build is platform dependent!
2013-05-21 17:44:00,611 [Worker-111] INFO  o.e.m.c.i.embedder.EclipseLogger - skip non existing resourceDirectory /Users/sbescudero/Downloads/ScrumCourseDB/src/test/resources
2013-05-21 17:44:54,726 [Worker-107] INFO  o.e.m.c.i.l.LifecycleMappingFactory - Using org.eclipse.m2e.jdt.JarLifecycleMapping lifecycle mapping for MavenProject: scrumcourse:ScrumCourseDB:0.1.0-SNAPSHOT @ /Users/sbescudero/Downloads/ScrumCourseDB/pom.xml.
2013-05-21 17:44:54,906 [Worker-107] WARN  o.e.m.c.i.embedder.EclipseLogger - Using platform encoding (MacRoman actually) to copy filtered resources, i.e. build is platform dependent!
2013-05-21 17:44:54,907 [Worker-107] INFO  o.e.m.c.i.embedder.EclipseLogger - Copying 2 resources
2013-05-21 17:44:54,910 [Worker-107] WARN  o.e.m.c.i.embedder.EclipseLogger - Using platform encoding (MacRoman actually) to copy filtered resources, i.e. build is platform dependent!
2013-05-21 17:44:54,911 [Worker-107] INFO  o.e.m.c.i.embedder.EclipseLogger - skip non existing resourceDirectory /Users/sbescudero/Downloads/ScrumCourseDB/src/test/resources
2013-05-21 17:45:46,453 [Worker-108] WARN  o.e.m.c.i.embedder.EclipseLogger - Using platform encoding (MacRoman actually) to copy filtered resources, i.e. build is platform dependent!
2013-05-21 17:45:46,454 [Worker-108] INFO  o.e.m.c.i.embedder.EclipseLogger - Copying 2 resources
2013-05-21 17:45:46,457 [Worker-108] WARN  o.e.m.c.i.embedder.EclipseLogger - Using platform encoding (MacRoman actually) to copy filtered resources, i.e. build is platform dependent!
2013-05-21 17:45:46,457 [Worker-108] INFO  o.e.m.c.i.embedder.EclipseLogger - skip non existing resourceDirectory /Users/sbescudero/Downloads/ScrumCourseDB/src/test/resources
2013-05-21 17:45:59,076 [Worker-104] INFO  o.e.m.c.i.l.LifecycleMappingFactory - Using org.eclipse.m2e.jdt.JarLifecycleMapping lifecycle mapping for MavenProject: scrumcourse:ScrumCourseDB:0.1.0-SNAPSHOT @ /Users/sbescudero/Downloads/ScrumCourseDB/pom.xml.
2013-05-21 17:45:59,625 [Worker-104] WARN  o.e.m.c.i.embedder.EclipseLogger - Using platform encoding (MacRoman actually) to copy filtered resources, i.e. build is platform dependent!
2013-05-21 17:45:59,627 [Worker-104] INFO  o.e.m.c.i.embedder.EclipseLogger - Copying 2 resources
2013-05-21 17:45:59,633 [Worker-104] WARN  o.e.m.c.i.embedder.EclipseLogger - Using platform encoding (MacRoman actually) to copy filtered resources, i.e. build is platform dependent!
2013-05-21 17:45:59,637 [Worker-104] INFO  o.e.m.c.i.embedder.EclipseLogger - skip non existing resourceDirectory /Users/sbescudero/Downloads/ScrumCourseDB/src/test/resources
2013-05-21 17:46:33,026 [Worker-100] WARN  o.e.m.c.i.embedder.EclipseLogger - Using platform encoding (MacRoman actually) to copy filtered resources, i.e. build is platform dependent!
2013-05-21 17:46:33,028 [Worker-100] INFO  o.e.m.c.i.embedder.EclipseLogger - Copying 2 resources
2013-05-21 17:46:33,063 [Worker-100] WARN  o.e.m.c.i.embedder.EclipseLogger - Using platform encoding (MacRoman actually) to copy filtered resources, i.e. build is platform dependent!
2013-05-21 17:46:33,064 [Worker-100] INFO  o.e.m.c.i.embedder.EclipseLogger - skip non existing resourceDirectory /Users/sbescudero/Downloads/ScrumCourseDB/src/test/resources
2013-05-21 17:47:27,612 [Worker-109] WARN  o.e.m.c.i.embedder.EclipseLogger - Using platform encoding (MacRoman actually) to copy filtered resources, i.e. build is platform dependent!
2013-05-21 17:47:27,613 [Worker-109] INFO  o.e.m.c.i.embedder.EclipseLogger - Copying 2 resources
2013-05-21 17:47:27,616 [Worker-109] WARN  o.e.m.c.i.embedder.EclipseLogger - Using platform encoding (MacRoman actually) to copy filtered resources, i.e. build is platform dependent!
2013-05-21 17:47:27,616 [Worker-109] INFO  o.e.m.c.i.embedder.EclipseLogger - skip non existing resourceDirectory /Users/sbescudero/Downloads/ScrumCourseDB/src/test/resources
2013-05-21 17:47:52,692 [Worker-101] WARN  o.e.m.c.i.embedder.EclipseLogger - Using platform encoding (MacRoman actually) to copy filtered resources, i.e. build is platform dependent!
2013-05-21 17:47:52,707 [Worker-101] INFO  o.e.m.c.i.embedder.EclipseLogger - Copying 2 resources
2013-05-21 17:47:52,709 [Worker-101] WARN  o.e.m.c.i.embedder.EclipseLogger - Using platform encoding (MacRoman actually) to copy filtered resources, i.e. build is platform dependent!
2013-05-21 17:47:52,710 [Worker-101] INFO  o.e.m.c.i.embedder.EclipseLogger - skip non existing resourceDirectory /Users/sbescudero/Downloads/ScrumCourseDB/src/test/resources
2013-05-21 17:48:54,348 [Worker-110] WARN  o.e.m.c.i.embedder.EclipseLogger - Using platform encoding (MacRoman actually) to copy filtered resources, i.e. build is platform dependent!
2013-05-21 17:48:54,349 [Worker-110] INFO  o.e.m.c.i.embedder.EclipseLogger - Copying 0 resource
2013-05-21 17:48:54,350 [Worker-110] WARN  o.e.m.c.i.embedder.EclipseLogger - Using platform encoding (MacRoman actually) to copy filtered resources, i.e. build is platform dependent!
2013-05-21 17:48:54,351 [Worker-110] INFO  o.e.m.c.i.embedder.EclipseLogger - skip non existing resourceDirectory /Users/sbescudero/Downloads/ScrumCourseDB/src/test/resources
2013-05-21 17:50:26,120 [Worker-106] WARN  o.e.m.c.i.embedder.EclipseLogger - Using platform encoding (MacRoman actually) to copy filtered resources, i.e. build is platform dependent!
2013-05-21 17:50:26,121 [Worker-106] INFO  o.e.m.c.i.embedder.EclipseLogger - Copying 0 resource
2013-05-21 17:50:26,124 [Worker-106] WARN  o.e.m.c.i.embedder.EclipseLogger - Using platform encoding (MacRoman actually) to copy filtered resources, i.e. build is platform dependent!
2013-05-21 17:50:26,124 [Worker-106] INFO  o.e.m.c.i.embedder.EclipseLogger - skip non existing resourceDirectory /Users/sbescudero/Downloads/ScrumCourseDB/src/test/resources
2013-05-21 17:50:36,403 [Worker-106] WARN  o.e.m.c.i.embedder.EclipseLogger - Using platform encoding (MacRoman actually) to copy filtered resources, i.e. build is platform dependent!
2013-05-21 17:50:36,404 [Worker-106] INFO  o.e.m.c.i.embedder.EclipseLogger - Copying 0 resource
2013-05-21 17:50:36,407 [Worker-106] WARN  o.e.m.c.i.embedder.EclipseLogger - Using platform encoding (MacRoman actually) to copy filtered resources, i.e. build is platform dependent!
2013-05-21 17:50:36,408 [Worker-106] INFO  o.e.m.c.i.embedder.EclipseLogger - skip non existing resourceDirectory /Users/sbescudero/Downloads/ScrumCourseDB/src/test/resources
2013-05-21 17:50:38,515 [Worker-110] WARN  o.e.m.c.i.embedder.EclipseLogger - Using platform encoding (MacRoman actually) to copy filtered resources, i.e. build is platform dependent!
2013-05-21 17:50:38,516 [Worker-110] INFO  o.e.m.c.i.embedder.EclipseLogger - Copying 0 resource
2013-05-21 17:50:38,518 [Worker-110] WARN  o.e.m.c.i.embedder.EclipseLogger - Using platform encoding (MacRoman actually) to copy filtered resources, i.e. build is platform dependent!
2013-05-21 17:50:38,518 [Worker-110] INFO  o.e.m.c.i.embedder.EclipseLogger - skip non existing resourceDirectory /Users/sbescudero/Downloads/ScrumCourseDB/src/test/resources
2013-05-21 17:50:46,099 [Worker-100] WARN  o.e.m.c.i.embedder.EclipseLogger - Using platform encoding (MacRoman actually) to copy filtered resources, i.e. build is platform dependent!
2013-05-21 17:50:46,099 [Worker-100] INFO  o.e.m.c.i.embedder.EclipseLogger - Copying 0 resource
2013-05-21 17:50:46,101 [Worker-100] WARN  o.e.m.c.i.embedder.EclipseLogger - Using platform encoding (MacRoman actually) to copy filtered resources, i.e. build is platform dependent!
2013-05-21 17:50:46,102 [Worker-100] INFO  o.e.m.c.i.embedder.EclipseLogger - skip non existing resourceDirectory /Users/sbescudero/Downloads/ScrumCourseDB/src/test/resources
2013-05-21 17:51:46,715 [Worker-109] WARN  o.e.m.c.i.embedder.EclipseLogger - Using platform encoding (MacRoman actually) to copy filtered resources, i.e. build is platform dependent!
2013-05-21 17:51:46,716 [Worker-109] INFO  o.e.m.c.i.embedder.EclipseLogger - Copying 0 resource
2013-05-21 17:51:46,719 [Worker-109] WARN  o.e.m.c.i.embedder.EclipseLogger - Using platform encoding (MacRoman actually) to copy filtered resources, i.e. build is platform dependent!
2013-05-21 17:51:46,719 [Worker-109] INFO  o.e.m.c.i.embedder.EclipseLogger - skip non existing resourceDirectory /Users/sbescudero/Downloads/ScrumCourseDB/src/test/resources
2013-05-21 17:52:00,536 [Worker-110] WARN  o.e.m.c.i.embedder.EclipseLogger - Using platform encoding (MacRoman actually) to copy filtered resources, i.e. build is platform dependent!
2013-05-21 17:52:00,537 [Worker-110] INFO  o.e.m.c.i.embedder.EclipseLogger - Copying 0 resource
2013-05-21 17:52:00,539 [Worker-110] WARN  o.e.m.c.i.embedder.EclipseLogger - Using platform encoding (MacRoman actually) to copy filtered resources, i.e. build is platform dependent!
2013-05-21 17:52:00,539 [Worker-110] INFO  o.e.m.c.i.embedder.EclipseLogger - skip non existing resourceDirectory /Users/sbescudero/Downloads/ScrumCourseDB/src/test/resources
2013-05-21 17:52:40,299 [Worker-111] WARN  o.e.m.c.i.embedder.EclipseLogger - Using platform encoding (MacRoman actually) to copy filtered resources, i.e. build is platform dependent!
2013-05-21 17:52:40,299 [Worker-111] INFO  o.e.m.c.i.embedder.EclipseLogger - Copying 0 resource
2013-05-21 17:52:40,301 [Worker-111] WARN  o.e.m.c.i.embedder.EclipseLogger - Using platform encoding (MacRoman actually) to copy filtered resources, i.e. build is platform dependent!
2013-05-21 17:52:40,302 [Worker-111] INFO  o.e.m.c.i.embedder.EclipseLogger - skip non existing resourceDirectory /Users/sbescudero/Downloads/ScrumCourseDB/src/test/resources
2013-05-21 17:52:46,474 [Worker-109] WARN  o.e.m.c.i.embedder.EclipseLogger - Using platform encoding (MacRoman actually) to copy filtered resources, i.e. build is platform dependent!
2013-05-21 17:52:46,474 [Worker-109] INFO  o.e.m.c.i.embedder.EclipseLogger - Copying 0 resource
2013-05-21 17:52:46,477 [Worker-109] WARN  o.e.m.c.i.embedder.EclipseLogger - Using platform encoding (MacRoman actually) to copy filtered resources, i.e. build is platform dependent!
2013-05-21 17:52:46,478 [Worker-109] INFO  o.e.m.c.i.embedder.EclipseLogger - skip non existing resourceDirectory /Users/sbescudero/Downloads/ScrumCourseDB/src/test/resources
2013-05-21 17:53:22,935 [Worker-106] WARN  o.e.m.c.i.embedder.EclipseLogger - Using platform encoding (MacRoman actually) to copy filtered resources, i.e. build is platform dependent!
2013-05-21 17:53:22,936 [Worker-106] INFO  o.e.m.c.i.embedder.EclipseLogger - Copying 0 resource
2013-05-21 17:53:22,938 [Worker-106] WARN  o.e.m.c.i.embedder.EclipseLogger - Using platform encoding (MacRoman actually) to copy filtered resources, i.e. build is platform dependent!
2013-05-21 17:53:22,939 [Worker-106] INFO  o.e.m.c.i.embedder.EclipseLogger - skip non existing resourceDirectory /Users/sbescudero/Downloads/ScrumCourseDB/src/test/resources
2013-05-21 17:53:58,401 [Worker-100] WARN  o.e.m.c.i.embedder.EclipseLogger - Using platform encoding (MacRoman actually) to copy filtered resources, i.e. build is platform dependent!
2013-05-21 17:53:58,402 [Worker-100] INFO  o.e.m.c.i.embedder.EclipseLogger - Copying 0 resource
2013-05-21 17:53:58,404 [Worker-100] WARN  o.e.m.c.i.embedder.EclipseLogger - Using platform encoding (MacRoman actually) to copy filtered resources, i.e. build is platform dependent!
2013-05-21 17:53:58,404 [Worker-100] INFO  o.e.m.c.i.embedder.EclipseLogger - skip non existing resourceDirectory /Users/sbescudero/Downloads/ScrumCourseDB/src/test/resources
2013-05-21 17:54:05,000 [Worker-108] WARN  o.e.m.c.i.embedder.EclipseLogger - Using platform encoding (MacRoman actually) to copy filtered resources, i.e. build is platform dependent!
2013-05-21 17:54:05,001 [Worker-108] INFO  o.e.m.c.i.embedder.EclipseLogger - Copying 0 resource
2013-05-21 17:54:05,002 [Worker-108] WARN  o.e.m.c.i.embedder.EclipseLogger - Using platform encoding (MacRoman actually) to copy filtered resources, i.e. build is platform dependent!
2013-05-21 17:54:05,003 [Worker-108] INFO  o.e.m.c.i.embedder.EclipseLogger - skip non existing resourceDirectory /Users/sbescudero/Downloads/ScrumCourseDB/src/test/resources
2013-05-21 17:54:41,144 [Worker-101] WARN  o.e.m.c.i.embedder.EclipseLogger - Using platform encoding (MacRoman actually) to copy filtered resources, i.e. build is platform dependent!
2013-05-21 17:54:41,145 [Worker-101] INFO  o.e.m.c.i.embedder.EclipseLogger - Copying 0 resource
2013-05-21 17:54:41,147 [Worker-101] WARN  o.e.m.c.i.embedder.EclipseLogger - Using platform encoding (MacRoman actually) to copy filtered resources, i.e. build is platform dependent!
2013-05-21 17:54:41,148 [Worker-101] INFO  o.e.m.c.i.embedder.EclipseLogger - skip non existing resourceDirectory /Users/sbescudero/Downloads/ScrumCourseDB/src/test/resources
2013-05-21 17:54:49,612 [Worker-108] WARN  o.e.m.c.i.embedder.EclipseLogger - Using platform encoding (MacRoman actually) to copy filtered resources, i.e. build is platform dependent!
2013-05-21 17:54:49,614 [Worker-108] INFO  o.e.m.c.i.embedder.EclipseLogger - Copying 0 resource
2013-05-21 17:54:49,616 [Worker-108] WARN  o.e.m.c.i.embedder.EclipseLogger - Using platform encoding (MacRoman actually) to copy filtered resources, i.e. build is platform dependent!
2013-05-21 17:54:49,617 [Worker-108] INFO  o.e.m.c.i.embedder.EclipseLogger - skip non existing resourceDirectory /Users/sbescudero/Downloads/ScrumCourseDB/src/test/resources
2013-05-21 18:00:31,794 [Worker-116] WARN  o.e.m.c.i.embedder.EclipseLogger - Using platform encoding (MacRoman actually) to copy filtered resources, i.e. build is platform dependent!
2013-05-21 18:00:31,809 [Worker-116] INFO  o.e.m.c.i.embedder.EclipseLogger - Copying 2 resources
2013-05-21 18:00:31,813 [Worker-116] WARN  o.e.m.c.i.embedder.EclipseLogger - Using platform encoding (MacRoman actually) to copy filtered resources, i.e. build is platform dependent!
2013-05-21 18:00:31,814 [Worker-116] INFO  o.e.m.c.i.embedder.EclipseLogger - skip non existing resourceDirectory /Users/sbescudero/Downloads/ScrumCourseDB/src/test/resources
2013-05-21 18:02:28,678 [Worker-108] WARN  o.e.m.c.i.embedder.EclipseLogger - Using platform encoding (MacRoman actually) to copy filtered resources, i.e. build is platform dependent!
2013-05-21 18:02:28,679 [Worker-108] INFO  o.e.m.c.i.embedder.EclipseLogger - Copying 2 resources
2013-05-21 18:02:28,682 [Worker-108] WARN  o.e.m.c.i.embedder.EclipseLogger - Using platform encoding (MacRoman actually) to copy filtered resources, i.e. build is platform dependent!
2013-05-21 18:02:28,682 [Worker-108] INFO  o.e.m.c.i.embedder.EclipseLogger - skip non existing resourceDirectory /Users/sbescudero/Downloads/ScrumCourseDB/src/test/resources
2013-05-21 18:03:22,311 [Worker-116] WARN  o.e.m.c.i.embedder.EclipseLogger - Using platform encoding (MacRoman actually) to copy filtered resources, i.e. build is platform dependent!
2013-05-21 18:03:22,312 [Worker-116] INFO  o.e.m.c.i.embedder.EclipseLogger - Copying 0 resource
2013-05-21 18:03:22,314 [Worker-116] WARN  o.e.m.c.i.embedder.EclipseLogger - Using platform encoding (MacRoman actually) to copy filtered resources, i.e. build is platform dependent!
2013-05-21 18:03:22,314 [Worker-116] INFO  o.e.m.c.i.embedder.EclipseLogger - skip non existing resourceDirectory /Users/sbescudero/Downloads/ScrumCourseDB/src/test/resources
2013-05-21 18:06:04,928 [Worker-114] WARN  o.e.m.c.i.embedder.EclipseLogger - Using platform encoding (MacRoman actually) to copy filtered resources, i.e. build is platform dependent!
2013-05-21 18:06:04,929 [Worker-114] INFO  o.e.m.c.i.embedder.EclipseLogger - Copying 0 resource
2013-05-21 18:06:04,931 [Worker-114] WARN  o.e.m.c.i.embedder.EclipseLogger - Using platform encoding (MacRoman actually) to copy filtered resources, i.e. build is platform dependent!
2013-05-21 18:06:04,932 [Worker-114] INFO  o.e.m.c.i.embedder.EclipseLogger - skip non existing resourceDirectory /Users/sbescudero/Downloads/ScrumCourseDB/src/test/resources
2013-05-21 18:08:38,094 [Worker-108] WARN  o.e.m.c.i.embedder.EclipseLogger - Using platform encoding (MacRoman actually) to copy filtered resources, i.e. build is platform dependent!
2013-05-21 18:08:38,095 [Worker-108] INFO  o.e.m.c.i.embedder.EclipseLogger - Copying 0 resource
2013-05-21 18:08:38,096 [Worker-108] WARN  o.e.m.c.i.embedder.EclipseLogger - Using platform encoding (MacRoman actually) to copy filtered resources, i.e. build is platform dependent!
2013-05-21 18:08:38,097 [Worker-108] INFO  o.e.m.c.i.embedder.EclipseLogger - skip non existing resourceDirectory /Users/sbescudero/Downloads/ScrumCourseDB/src/test/resources
2013-05-21 18:09:47,819 [Worker-100] WARN  o.e.m.c.i.embedder.EclipseLogger - Using platform encoding (MacRoman actually) to copy filtered resources, i.e. build is platform dependent!
2013-05-21 18:09:47,821 [Worker-100] INFO  o.e.m.c.i.embedder.EclipseLogger - Copying 0 resource
2013-05-21 18:09:47,823 [Worker-100] WARN  o.e.m.c.i.embedder.EclipseLogger - Using platform encoding (MacRoman actually) to copy filtered resources, i.e. build is platform dependent!
2013-05-21 18:09:47,823 [Worker-100] INFO  o.e.m.c.i.embedder.EclipseLogger - skip non existing resourceDirectory /Users/sbescudero/Downloads/ScrumCourseDB/src/test/resources
2013-05-21 18:13:05,596 [Worker-108] INFO  c.n.h.c.p.n.NettyAsyncHttpProvider - Number of application's worked threads is 4
2013-05-21 18:13:06,095 [New I/O client worker #32-1] INFO  o.e.m.c.i.e.AbstractTransferListenerAdapter - Downloading http://repo.maven.apache.org/maven2/org/hibernate/javax/persistence/hibernate-jpa-2.0-api/1.0.1.Final/hibernate-jpa-2.0-api-1.0.1.Final-sources.jar
2013-05-21 18:13:06,275 [New I/O client worker #32-1] INFO  o.e.m.c.i.e.AbstractTransferListenerAdapter - Downloaded http://repo.maven.apache.org/maven2/org/hibernate/javax/persistence/hibernate-jpa-2.0-api/1.0.1.Final/hibernate-jpa-2.0-api-1.0.1.Final-sources.jar
2013-05-21 18:13:06,329 [Worker-108] INFO  o.e.m.j.internal.DownloadSourcesJob - Downloaded sources for org.hibernate.javax.persistence:hibernate-jpa-2.0-api:1.0.1.Final
2013-05-21 18:13:06,690 [Worker-106] WARN  o.e.m.c.i.embedder.EclipseLogger - Using platform encoding (MacRoman actually) to copy filtered resources, i.e. build is platform dependent!
2013-05-21 18:13:06,691 [Worker-106] INFO  o.e.m.c.i.embedder.EclipseLogger - Copying 0 resource
2013-05-21 18:13:06,693 [Worker-106] WARN  o.e.m.c.i.embedder.EclipseLogger - Using platform encoding (MacRoman actually) to copy filtered resources, i.e. build is platform dependent!
2013-05-21 18:13:06,693 [Worker-106] INFO  o.e.m.c.i.embedder.EclipseLogger - skip non existing resourceDirectory /Users/sbescudero/Downloads/ScrumCourseDB/src/test/resources
2013-05-21 18:13:07,716 [Worker-106] WARN  o.e.m.c.i.embedder.EclipseLogger - Using platform encoding (MacRoman actually) to copy filtered resources, i.e. build is platform dependent!
2013-05-21 18:13:07,717 [Worker-106] INFO  o.e.m.c.i.embedder.EclipseLogger - Copying 0 resource
2013-05-21 18:13:07,718 [Worker-106] WARN  o.e.m.c.i.embedder.EclipseLogger - Using platform encoding (MacRoman actually) to copy filtered resources, i.e. build is platform dependent!
2013-05-21 18:13:07,719 [Worker-106] INFO  o.e.m.c.i.embedder.EclipseLogger - skip non existing resourceDirectory /Users/sbescudero/Downloads/ScrumCourseDB/src/test/resources
2013-05-21 18:14:29,300 [Worker-117] WARN  o.e.m.c.i.embedder.EclipseLogger - Using platform encoding (MacRoman actually) to copy filtered resources, i.e. build is platform dependent!
2013-05-21 18:14:29,301 [Worker-117] INFO  o.e.m.c.i.embedder.EclipseLogger - Copying 0 resource
2013-05-21 18:14:29,303 [Worker-117] WARN  o.e.m.c.i.embedder.EclipseLogger - Using platform encoding (MacRoman actually) to copy filtered resources, i.e. build is platform dependent!
2013-05-21 18:14:29,304 [Worker-117] INFO  o.e.m.c.i.embedder.EclipseLogger - skip non existing resourceDirectory /Users/sbescudero/Downloads/ScrumCourseDB/src/test/resources
2013-05-21 18:16:35,567 [Worker-106] WARN  o.e.m.c.i.embedder.EclipseLogger - Using platform encoding (MacRoman actually) to copy filtered resources, i.e. build is platform dependent!
2013-05-21 18:16:35,569 [Worker-106] INFO  o.e.m.c.i.embedder.EclipseLogger - Copying 0 resource
2013-05-21 18:16:35,571 [Worker-106] WARN  o.e.m.c.i.embedder.EclipseLogger - Using platform encoding (MacRoman actually) to copy filtered resources, i.e. build is platform dependent!
2013-05-21 18:16:35,572 [Worker-106] INFO  o.e.m.c.i.embedder.EclipseLogger - skip non existing resourceDirectory /Users/sbescudero/Downloads/ScrumCourseDB/src/test/resources
2013-05-21 19:06:19,161 [Worker-13] INFO  o.e.m.c.i.i.nexus.NexusIndexManager - Updating index for repository: central|http://repo.maven.apache.org/maven2
2013-05-21 19:06:19,543 [Worker-13] INFO  c.n.h.c.p.n.NettyAsyncHttpProvider - Number of application's worked threads is 4
2013-05-21 19:06:29,315 [Worker-13] INFO  o.e.m.c.i.i.nexus.NexusIndexManager - Updated index for repository: central|http://repo.maven.apache.org/maven2 in 10155 ms
2013-05-21 19:07:38,838 [Worker-12] ERROR o.e.m.j.i.l.MavenLaunchConfigurationListener - Launch configuration PersonDaoIT references non-existing project ScrumCourseDB.
org.eclipse.core.runtime.CoreException: Launch configuration PersonDaoIT references non-existing project ScrumCourseDB.
	at org.eclipse.jdt.launching.JavaRuntime.abort(JavaRuntime.java:1397) ~[org.eclipse.jdt.launching_3.6.101.v20130111-183046.jar:na]
	at org.eclipse.jdt.launching.JavaRuntime.getJavaProject(JavaRuntime.java:1272) ~[org.eclipse.jdt.launching_3.6.101.v20130111-183046.jar:na]
	at org.eclipse.m2e.jdt.internal.launch.MavenLaunchConfigurationListener.updateLaunchConfiguration(MavenLaunchConfigurationListener.java:52) [org.eclipse.m2e.jdt_1.2.0.20120903-1050.jar:na]
	at org.eclipse.m2e.jdt.internal.launch.MavenLaunchConfigurationListener.launchConfigurationChanged(MavenLaunchConfigurationListener.java:37) [org.eclipse.m2e.jdt_1.2.0.20120903-1050.jar:na]
	at org.eclipse.debug.internal.core.LaunchManager$ConfigurationNotifier.run(LaunchManager.java:228) [org.eclipse.debug.core_3.7.100.v20120521-2012.jar:na]
	at org.eclipse.core.runtime.SafeRunner.run(SafeRunner.java:42) [org.eclipse.equinox.common_3.6.100.v20120522-1841.jar:na]
	at org.eclipse.debug.internal.core.LaunchManager$ConfigurationNotifier.notify(LaunchManager.java:209) [org.eclipse.debug.core_3.7.100.v20120521-2012.jar:na]
	at org.eclipse.debug.internal.core.LaunchConfigurationWorkingCopy.setDirty(LaunchConfigurationWorkingCopy.java:538) [org.eclipse.debug.core_3.7.100.v20120521-2012.jar:na]
	at org.eclipse.debug.internal.core.LaunchConfigurationWorkingCopy.setAttribute(LaunchConfigurationWorkingCopy.java:419) [org.eclipse.debug.core_3.7.100.v20120521-2012.jar:na]
	at org.eclipse.m2e.jdt.internal.launch.MavenRuntimeClasspathProvider.disable(MavenRuntimeClasspathProvider.java:316) [org.eclipse.m2e.jdt_1.2.0.20120903-1050.jar:na]
	at org.eclipse.m2e.jdt.internal.launch.MavenRuntimeClasspathProvider.disable(MavenRuntimeClasspathProvider.java:342) [org.eclipse.m2e.jdt_1.2.0.20120903-1050.jar:na]
	at org.eclipse.m2e.jdt.internal.launch.MavenLaunchConfigurationListener.mavenProjectChanged(MavenLaunchConfigurationListener.java:69) [org.eclipse.m2e.jdt_1.2.0.20120903-1050.jar:na]
	at org.eclipse.m2e.core.internal.project.registry.ProjectRegistryManager.notifyProjectChangeListeners(ProjectRegistryManager.java:729) [org.eclipse.m2e.core_1.2.0.20120903-1050.jar:na]
	at org.eclipse.m2e.core.internal.project.registry.ProjectRegistryManager.applyMutableProjectRegistry(ProjectRegistryManager.java:852) [org.eclipse.m2e.core_1.2.0.20120903-1050.jar:na]
	at org.eclipse.m2e.core.internal.project.registry.ProjectRegistryRefreshJob.run(ProjectRegistryRefreshJob.java:93) [org.eclipse.m2e.core_1.2.0.20120903-1050.jar:na]
	at org.eclipse.core.internal.jobs.Worker.run(Worker.java:53) [org.eclipse.core.jobs_3.5.300.v20120622-204750.jar:na]
2013-05-21 19:07:38,841 [Worker-12] ERROR o.e.m.j.i.l.MavenLaunchConfigurationListener - Launch configuration PersonDaoIT references non-existing project ScrumCourseDB.
org.eclipse.core.runtime.CoreException: Launch configuration PersonDaoIT references non-existing project ScrumCourseDB.
	at org.eclipse.jdt.launching.JavaRuntime.abort(JavaRuntime.java:1397) ~[org.eclipse.jdt.launching_3.6.101.v20130111-183046.jar:na]
	at org.eclipse.jdt.launching.JavaRuntime.getJavaProject(JavaRuntime.java:1272) ~[org.eclipse.jdt.launching_3.6.101.v20130111-183046.jar:na]
	at org.eclipse.m2e.jdt.internal.launch.MavenLaunchConfigurationListener.updateLaunchConfiguration(MavenLaunchConfigurationListener.java:52) [org.eclipse.m2e.jdt_1.2.0.20120903-1050.jar:na]
	at org.eclipse.m2e.jdt.internal.launch.MavenLaunchConfigurationListener.launchConfigurationChanged(MavenLaunchConfigurationListener.java:37) [org.eclipse.m2e.jdt_1.2.0.20120903-1050.jar:na]
	at org.eclipse.debug.internal.core.LaunchManager$ConfigurationNotifier.run(LaunchManager.java:228) [org.eclipse.debug.core_3.7.100.v20120521-2012.jar:na]
	at org.eclipse.core.runtime.SafeRunner.run(SafeRunner.java:42) [org.eclipse.equinox.common_3.6.100.v20120522-1841.jar:na]
	at org.eclipse.debug.internal.core.LaunchManager$ConfigurationNotifier.notify(LaunchManager.java:209) [org.eclipse.debug.core_3.7.100.v20120521-2012.jar:na]
	at org.eclipse.debug.internal.core.LaunchConfigurationWorkingCopy.setDirty(LaunchConfigurationWorkingCopy.java:538) [org.eclipse.debug.core_3.7.100.v20120521-2012.jar:na]
	at org.eclipse.debug.internal.core.LaunchConfigurationWorkingCopy.setAttribute(LaunchConfigurationWorkingCopy.java:419) [org.eclipse.debug.core_3.7.100.v20120521-2012.jar:na]
	at org.eclipse.m2e.jdt.internal.launch.MavenRuntimeClasspathProvider.disable(MavenRuntimeClasspathProvider.java:317) [org.eclipse.m2e.jdt_1.2.0.20120903-1050.jar:na]
	at org.eclipse.m2e.jdt.internal.launch.MavenRuntimeClasspathProvider.disable(MavenRuntimeClasspathProvider.java:342) [org.eclipse.m2e.jdt_1.2.0.20120903-1050.jar:na]
	at org.eclipse.m2e.jdt.internal.launch.MavenLaunchConfigurationListener.mavenProjectChanged(MavenLaunchConfigurationListener.java:69) [org.eclipse.m2e.jdt_1.2.0.20120903-1050.jar:na]
	at org.eclipse.m2e.core.internal.project.registry.ProjectRegistryManager.notifyProjectChangeListeners(ProjectRegistryManager.java:729) [org.eclipse.m2e.core_1.2.0.20120903-1050.jar:na]
	at org.eclipse.m2e.core.internal.project.registry.ProjectRegistryManager.applyMutableProjectRegistry(ProjectRegistryManager.java:852) [org.eclipse.m2e.core_1.2.0.20120903-1050.jar:na]
	at org.eclipse.m2e.core.internal.project.registry.ProjectRegistryRefreshJob.run(ProjectRegistryRefreshJob.java:93) [org.eclipse.m2e.core_1.2.0.20120903-1050.jar:na]
	at org.eclipse.core.internal.jobs.Worker.run(Worker.java:53) [org.eclipse.core.jobs_3.5.300.v20120622-204750.jar:na]
2013-05-21 19:07:38,908 [Worker-12] ERROR o.e.m.j.i.l.MavenLaunchConfigurationListener - Launch configuration PersonDaoIT references non-existing project ScrumCourseDB.
org.eclipse.core.runtime.CoreException: Launch configuration PersonDaoIT references non-existing project ScrumCourseDB.
	at org.eclipse.jdt.launching.JavaRuntime.abort(JavaRuntime.java:1397) ~[org.eclipse.jdt.launching_3.6.101.v20130111-183046.jar:na]
	at org.eclipse.jdt.launching.JavaRuntime.getJavaProject(JavaRuntime.java:1272) ~[org.eclipse.jdt.launching_3.6.101.v20130111-183046.jar:na]
	at org.eclipse.m2e.jdt.internal.launch.MavenLaunchConfigurationListener.updateLaunchConfiguration(MavenLaunchConfigurationListener.java:52) [org.eclipse.m2e.jdt_1.2.0.20120903-1050.jar:na]
	at org.eclipse.m2e.jdt.internal.launch.MavenLaunchConfigurationListener.launchConfigurationChanged(MavenLaunchConfigurationListener.java:37) [org.eclipse.m2e.jdt_1.2.0.20120903-1050.jar:na]
	at org.eclipse.debug.internal.core.LaunchManager$ConfigurationNotifier.run(LaunchManager.java:228) [org.eclipse.debug.core_3.7.100.v20120521-2012.jar:na]
	at org.eclipse.core.runtime.SafeRunner.run(SafeRunner.java:42) [org.eclipse.equinox.common_3.6.100.v20120522-1841.jar:na]
	at org.eclipse.debug.internal.core.LaunchManager$ConfigurationNotifier.notify(LaunchManager.java:209) [org.eclipse.debug.core_3.7.100.v20120521-2012.jar:na]
	at org.eclipse.debug.internal.core.LaunchManager.launchConfigurationChanged(LaunchManager.java:2141) [org.eclipse.debug.core_3.7.100.v20120521-2012.jar:na]
	at org.eclipse.debug.internal.core.LaunchConfigurationWorkingCopy.writeNewFile(LaunchConfigurationWorkingCopy.java:380) [org.eclipse.debug.core_3.7.100.v20120521-2012.jar:na]
	at org.eclipse.debug.internal.core.LaunchConfigurationWorkingCopy.doSave0(LaunchConfigurationWorkingCopy.java:246) [org.eclipse.debug.core_3.7.100.v20120521-2012.jar:na]
	at org.eclipse.debug.internal.core.LaunchConfigurationWorkingCopy.doSave(LaunchConfigurationWorkingCopy.java:216) [org.eclipse.debug.core_3.7.100.v20120521-2012.jar:na]
	at org.eclipse.debug.internal.core.LaunchConfigurationWorkingCopy.doSave(LaunchConfigurationWorkingCopy.java:170) [org.eclipse.debug.core_3.7.100.v20120521-2012.jar:na]
	at org.eclipse.m2e.jdt.internal.launch.MavenRuntimeClasspathProvider.disable(MavenRuntimeClasspathProvider.java:318) [org.eclipse.m2e.jdt_1.2.0.20120903-1050.jar:na]
	at org.eclipse.m2e.jdt.internal.launch.MavenRuntimeClasspathProvider.disable(MavenRuntimeClasspathProvider.java:342) [org.eclipse.m2e.jdt_1.2.0.20120903-1050.jar:na]
	at org.eclipse.m2e.jdt.internal.launch.MavenLaunchConfigurationListener.mavenProjectChanged(MavenLaunchConfigurationListener.java:69) [org.eclipse.m2e.jdt_1.2.0.20120903-1050.jar:na]
	at org.eclipse.m2e.core.internal.project.registry.ProjectRegistryManager.notifyProjectChangeListeners(ProjectRegistryManager.java:729) [org.eclipse.m2e.core_1.2.0.20120903-1050.jar:na]
	at org.eclipse.m2e.core.internal.project.registry.ProjectRegistryManager.applyMutableProjectRegistry(ProjectRegistryManager.java:852) [org.eclipse.m2e.core_1.2.0.20120903-1050.jar:na]
	at org.eclipse.m2e.core.internal.project.registry.ProjectRegistryRefreshJob.run(ProjectRegistryRefreshJob.java:93) [org.eclipse.m2e.core_1.2.0.20120903-1050.jar:na]
	at org.eclipse.core.internal.jobs.Worker.run(Worker.java:53) [org.eclipse.core.jobs_3.5.300.v20120622-204750.jar:na]
2013-05-21 19:08:14,602 [ModalContext] WARN  o.e.m.i.discovery.MavenDiscovery - CatalogItem org.eclipse.m2e.discovery.lifecyclemapping.m2e-wtp does not contain lifecycle mapping metadata
2013-05-21 19:08:14,626 [ModalContext] WARN  o.e.m.i.discovery.MavenDiscovery - CatalogItem org.eclipse.m2e.discovery.lifecyclemapping.m2e-egit does not contain lifecycle mapping metadata
2013-05-21 19:08:14,627 [ModalContext] WARN  o.e.m.i.discovery.MavenDiscovery - CatalogItem org.eclipse.m2e.discovery.lifecyclemapping.m2e-subversive does not contain lifecycle mapping metadata
2013-05-21 19:08:14,628 [ModalContext] WARN  o.e.m.i.discovery.MavenDiscovery - CatalogItem org.eclipse.m2e.discovery.lifecyclemapping.m2e-subclipse does not contain lifecycle mapping metadata
2013-05-21 19:08:24,961 [Worker-7] INFO  o.e.m.c.i.l.LifecycleMappingFactory - Using org.eclipse.m2e.jdt.JarLifecycleMapping lifecycle mapping for MavenProject: scrumcourse:ScrumCourseDB:0.1.0-SNAPSHOT @ /Users/sbescudero/Desarrollo/workspaces/cursos/csd/ScrumCourseDB/pom.xml.
2013-05-21 19:08:28,112 [Worker-7] INFO  o.e.m.j.i.AbstractJavaProjectConfigurator - Adding source folder /ScrumCourseDB/src/main/java
2013-05-21 19:08:28,113 [Worker-7] INFO  o.e.m.j.i.AbstractJavaProjectConfigurator - Adding resource folder /ScrumCourseDB/src/main/resources
2013-05-21 19:08:28,115 [Worker-7] INFO  o.e.m.j.i.AbstractJavaProjectConfigurator - Adding source folder /ScrumCourseDB/src/test/java
2013-05-21 19:08:28,142 [Worker-1] INFO  o.e.m.c.i.l.LifecycleMappingFactory - Using org.eclipse.m2e.jdt.JarLifecycleMapping lifecycle mapping for MavenProject: scrumcourse:ScrumCourseDB:0.1.0-SNAPSHOT @ /Users/sbescudero/Desarrollo/workspaces/cursos/csd/ScrumCourseDB/pom.xml.
2013-05-21 19:08:28,463 [Worker-7] INFO  o.e.m.c.i.p.ProjectConfigurationManager - Project import completed 6 sec
2013-05-21 19:08:28,542 [Worker-1] INFO  o.e.m.c.i.l.LifecycleMappingFactory - Using org.eclipse.m2e.jdt.JarLifecycleMapping lifecycle mapping for MavenProject: scrumcourse:ScrumCourseDB:0.1.0-SNAPSHOT @ /Users/sbescudero/Desarrollo/workspaces/cursos/csd/ScrumCourseDB/pom.xml.
2013-05-21 19:08:28,701 [Worker-5] INFO  o.e.m.c.i.p.ProjectConfigurationManager - Update started
2013-05-21 19:08:28,701 [Worker-5] INFO  o.e.m.c.i.p.ProjectConfigurationManager - Update completed: 0 sec
2013-05-21 19:08:31,392 [Worker-2] INFO  o.e.m.c.i.l.LifecycleMappingFactory - Using org.eclipse.m2e.jdt.JarLifecycleMapping lifecycle mapping for MavenProject: scrumcourse:ScrumCourseDB:0.1.0-SNAPSHOT @ /Users/sbescudero/Desarrollo/workspaces/cursos/csd/ScrumCourseDB/pom.xml.
2013-05-21 19:08:34,223 [Worker-2] WARN  o.e.m.c.i.embedder.EclipseLogger - Using platform encoding (MacRoman actually) to copy filtered resources, i.e. build is platform dependent!
2013-05-21 19:08:34,226 [Worker-2] INFO  o.e.m.c.i.embedder.EclipseLogger - Copying 2 resources
2013-05-21 19:08:34,242 [Worker-2] WARN  o.e.m.c.i.embedder.EclipseLogger - Using platform encoding (MacRoman actually) to copy filtered resources, i.e. build is platform dependent!
2013-05-21 19:08:34,243 [Worker-2] INFO  o.e.m.c.i.embedder.EclipseLogger - skip non existing resourceDirectory /Users/sbescudero/Desarrollo/workspaces/cursos/csd/ScrumCourseDB/src/test/resources
2013-05-21 19:17:02,476 [Worker-7] INFO  o.e.m.c.i.i.nexus.NexusIndexManager - Updating index for repository: central|http://repo.maven.apache.org/maven2
2013-05-21 19:17:02,585 [Worker-7] INFO  c.n.h.c.p.n.NettyAsyncHttpProvider - Number of application's worked threads is 4
2013-05-21 19:17:13,109 [Worker-7] INFO  o.e.m.c.i.i.nexus.NexusIndexManager - Updated index for repository: central|http://repo.maven.apache.org/maven2 in 10638 ms
2013-05-21 19:30:54,708 [Worker-3] INFO  o.e.m.c.i.i.nexus.NexusIndexManager - Updating index for repository: central|http://repo.maven.apache.org/maven2
2013-05-21 19:30:54,899 [Worker-3] INFO  c.n.h.c.p.n.NettyAsyncHttpProvider - Number of application's worked threads is 4
2013-05-21 19:31:05,001 [Worker-3] INFO  o.e.m.c.i.i.nexus.NexusIndexManager - Updated index for repository: central|http://repo.maven.apache.org/maven2 in 10299 ms
2013-05-21 19:45:19,743 [Worker-4] INFO  o.e.m.c.i.i.nexus.NexusIndexManager - Updating index for repository: central|http://repo.maven.apache.org/maven2
2013-05-21 19:45:19,920 [Worker-4] INFO  c.n.h.c.p.n.NettyAsyncHttpProvider - Number of application's worked threads is 4
2013-05-21 19:45:24,229 [Worker-4] INFO  o.e.m.c.i.i.nexus.NexusIndexManager - Updated index for repository: central|http://repo.maven.apache.org/maven2 in 4538 ms
2013-05-21 19:48:36,108 [Worker-6] INFO  o.e.m.c.i.l.LifecycleMappingFactory - Using org.eclipse.m2e.jdt.JarLifecycleMapping lifecycle mapping for MavenProject: scrumcourse:ScrumCourseDB:0.1.0-SNAPSHOT @ /Users/sbescudero/Desarrollo/workspaces/cursos/csd/ScrumCourseDB/pom.xml.
2013-05-21 19:48:39,095 [Worker-6] WARN  o.e.m.c.i.embedder.EclipseLogger - Using platform encoding (US-ASCII actually) to copy filtered resources, i.e. build is platform dependent!
2013-05-21 19:48:39,098 [Worker-6] INFO  o.e.m.c.i.embedder.EclipseLogger - Copying 2 resources
2013-05-21 19:48:39,112 [Worker-6] WARN  o.e.m.c.i.embedder.EclipseLogger - Using platform encoding (US-ASCII actually) to copy filtered resources, i.e. build is platform dependent!
2013-05-21 19:48:39,112 [Worker-6] INFO  o.e.m.c.i.embedder.EclipseLogger - skip non existing resourceDirectory /Users/sbescudero/Desarrollo/workspaces/cursos/csd/ScrumCourseDB/src/test/resources
2013-05-21 19:48:49,557 [Worker-5] WARN  o.e.m.c.i.embedder.EclipseLogger - Using platform encoding (US-ASCII actually) to copy filtered resources, i.e. build is platform dependent!
2013-05-21 19:48:49,562 [Worker-5] INFO  o.e.m.c.i.embedder.EclipseLogger - Copying 0 resource
2013-05-21 19:48:49,565 [Worker-5] WARN  o.e.m.c.i.embedder.EclipseLogger - Using platform encoding (US-ASCII actually) to copy filtered resources, i.e. build is platform dependent!
2013-05-21 19:48:49,566 [Worker-5] INFO  o.e.m.c.i.embedder.EclipseLogger - skip non existing resourceDirectory /Users/sbescudero/Desarrollo/workspaces/cursos/csd/ScrumCourseDB/src/test/resources
2013-05-21 19:52:19,248 [Worker-6] INFO  o.e.m.c.i.i.nexus.NexusIndexManager - Updating index for repository: central|http://repo.maven.apache.org/maven2
2013-05-21 19:52:19,358 [Worker-6] INFO  c.n.h.c.p.n.NettyAsyncHttpProvider - Number of application's worked threads is 4
2013-05-21 19:52:24,829 [Worker-6] INFO  o.e.m.c.i.i.nexus.NexusIndexManager - Updated index for repository: central|http://repo.maven.apache.org/maven2 in 5590 ms
2013-05-21 20:00:47,304 [Worker-11] WARN  o.e.m.c.i.embedder.EclipseLogger - Using platform encoding (US-ASCII actually) to copy filtered resources, i.e. build is platform dependent!
2013-05-21 20:00:47,309 [Worker-11] INFO  o.e.m.c.i.embedder.EclipseLogger - Copying 2 resources
2013-05-21 20:00:47,322 [Worker-11] WARN  o.e.m.c.i.embedder.EclipseLogger - Using platform encoding (US-ASCII actually) to copy filtered resources, i.e. build is platform dependent!
2013-05-21 20:00:47,323 [Worker-11] INFO  o.e.m.c.i.embedder.EclipseLogger - skip non existing resourceDirectory /Users/sbescudero/Desarrollo/workspaces/cursos/csd/ScrumCourseDB/src/test/resources
2013-05-21 20:08:35,673 [Worker-15] INFO  c.n.h.c.p.n.NettyAsyncHttpProvider - Number of application's worked threads is 4
2013-05-21 20:08:35,673 [Worker-10] INFO  c.n.h.c.p.n.NettyAsyncHttpProvider - Number of application's worked threads is 4
2013-05-21 20:08:46,260 [ModalContext] INFO  c.n.h.c.p.n.NettyAsyncHttpProvider - Number of application's worked threads is 4
2013-05-21 20:08:53,233 [ModalContext] INFO  c.n.h.c.p.n.NettyAsyncHttpProvider - Number of application's worked threads is 4
2013-05-21 20:08:54,186 [New I/O client worker #5-1] INFO  o.e.m.c.i.e.AbstractTransferListenerAdapter - Downloading http://repo.maven.apache.org/maven2/org/apache/maven/archetypes/maven-archetype-quickstart/maven-metadata.xml
2013-05-21 20:08:54,188 [New I/O client worker #5-1] INFO  o.e.m.c.i.e.AbstractTransferListenerAdapter - Downloaded http://repo.maven.apache.org/maven2/org/apache/maven/archetypes/maven-archetype-quickstart/maven-metadata.xml
2013-05-21 20:08:54,420 [ModalContext] INFO  c.n.h.c.p.n.NettyAsyncHttpProvider - Number of application's worked threads is 4
2013-05-21 20:08:54,617 [New I/O client worker #6-1] INFO  o.e.m.c.i.e.AbstractTransferListenerAdapter - Downloading http://repo.maven.apache.org/maven2/org/apache/maven/archetypes/maven-archetype-quickstart/1.1/maven-archetype-quickstart-1.1.jar
2013-05-21 20:08:54,617 [New I/O client worker #6-1] INFO  o.e.m.c.i.e.AbstractTransferListenerAdapter - Downloaded http://repo.maven.apache.org/maven2/org/apache/maven/archetypes/maven-archetype-quickstart/1.1/maven-archetype-quickstart-1.1.jar
2013-05-21 20:09:31,316 [Worker-16] INFO  c.n.h.c.p.n.NettyAsyncHttpProvider - Number of application's worked threads is 4
2013-05-21 20:09:39,219 [Worker-16] INFO  c.n.h.c.p.n.NettyAsyncHttpProvider - Number of application's worked threads is 4
2013-05-21 20:09:39,511 [New I/O client worker #8-1] INFO  o.e.m.c.i.e.AbstractTransferListenerAdapter - Downloading http://repo.maven.apache.org/maven2/org/apache/maven/archetypes/maven-archetype-quickstart/1.1/maven-archetype-quickstart-1.1.pom
2013-05-21 20:09:39,511 [New I/O client worker #8-1] INFO  o.e.m.c.i.e.AbstractTransferListenerAdapter - Downloaded http://repo.maven.apache.org/maven2/org/apache/maven/archetypes/maven-archetype-quickstart/1.1/maven-archetype-quickstart-1.1.pom
2013-05-21 20:09:40,310 [pool-10-thread-1] INFO  o.e.m.c.i.e.AbstractTransferListenerAdapter - Downloaded file:///Users/sbescudero/.m2/repository/org/apache/maven/archetypes/maven-archetype-quickstart/1.1/maven-archetype-quickstart-1.1.jar
2013-05-21 20:09:40,340 [Worker-16] INFO  o.e.m.c.i.p.ProjectConfigurationManager - Collecting project info '/pom.xml' /Users/sbescudero/Desarrollo/workspaces/cursos/csd/TestHamcrest/pom.xml
2013-05-21 20:09:40,821 [Worker-16] INFO  o.e.m.c.i.l.LifecycleMappingFactory - Using org.eclipse.m2e.jdt.JarLifecycleMapping lifecycle mapping for MavenProject: com.sergio.csd:TestHamcrest:1.0 @ /Users/sbescudero/Desarrollo/workspaces/cursos/csd/TestHamcrest/pom.xml.
2013-05-21 20:09:40,963 [Worker-16] INFO  o.e.m.j.i.AbstractJavaProjectConfigurator - Adding source folder /TestHamcrest/src/main/java
2013-05-21 20:09:40,967 [Worker-16] INFO  o.e.m.j.i.AbstractJavaProjectConfigurator - Adding source folder /TestHamcrest/src/test/java
2013-05-21 20:09:41,108 [Worker-16] INFO  o.e.m.c.i.p.ProjectConfigurationManager - Project import completed 0 sec
2013-05-21 20:09:41,506 [Worker-15] INFO  o.e.m.c.i.l.LifecycleMappingFactory - Using org.eclipse.m2e.jdt.JarLifecycleMapping lifecycle mapping for MavenProject: com.sergio.csd:TestHamcrest:1.0 @ /Users/sbescudero/Desarrollo/workspaces/cursos/csd/TestHamcrest/pom.xml.
2013-05-21 20:09:41,596 [Worker-15] INFO  o.e.m.c.i.embedder.EclipseLogger - Using 'UTF-8' encoding to copy filtered resources.
2013-05-21 20:09:41,596 [Worker-15] INFO  o.e.m.c.i.embedder.EclipseLogger - skip non existing resourceDirectory /Users/sbescudero/Desarrollo/workspaces/cursos/csd/TestHamcrest/src/main/resources
2013-05-21 20:09:41,599 [Worker-15] INFO  o.e.m.c.i.embedder.EclipseLogger - Using 'UTF-8' encoding to copy filtered resources.
2013-05-21 20:09:41,599 [Worker-15] INFO  o.e.m.c.i.embedder.EclipseLogger - skip non existing resourceDirectory /Users/sbescudero/Desarrollo/workspaces/cursos/csd/TestHamcrest/src/test/resources
2013-05-21 20:09:42,260 [Worker-15] INFO  o.e.m.c.i.l.LifecycleMappingFactory - Using org.eclipse.m2e.jdt.JarLifecycleMapping lifecycle mapping for MavenProject: com.sergio.csd:TestHamcrest:1.0 @ /Users/sbescudero/Desarrollo/workspaces/cursos/csd/TestHamcrest/pom.xml.
2013-05-21 20:09:42,630 [Worker-16] INFO  o.e.m.c.i.embedder.EclipseLogger - Using 'UTF-8' encoding to copy filtered resources.
2013-05-21 20:09:42,630 [Worker-16] INFO  o.e.m.c.i.embedder.EclipseLogger - skip non existing resourceDirectory /Users/sbescudero/Desarrollo/workspaces/cursos/csd/TestHamcrest/src/main/resources
2013-05-21 20:09:42,632 [Worker-16] INFO  o.e.m.c.i.embedder.EclipseLogger - Using 'UTF-8' encoding to copy filtered resources.
2013-05-21 20:09:42,633 [Worker-16] INFO  o.e.m.c.i.embedder.EclipseLogger - skip non existing resourceDirectory /Users/sbescudero/Desarrollo/workspaces/cursos/csd/TestHamcrest/src/test/resources
2013-05-21 20:10:57,960 [Worker-10] INFO  o.e.m.c.i.l.LifecycleMappingFactory - Using org.eclipse.m2e.jdt.JarLifecycleMapping lifecycle mapping for MavenProject: com.sergio.csd:TestHamcrest:1.0 @ /Users/sbescudero/Desarrollo/workspaces/cursos/csd/TestHamcrest/pom.xml.
2013-05-21 20:10:57,963 [Worker-10] INFO  c.n.h.c.p.n.NettyAsyncHttpProvider - Number of application's worked threads is 4
2013-05-21 20:11:00,293 [New I/O client worker #9-1] INFO  o.e.m.c.i.e.AbstractTransferListenerAdapter - Downloading http://repo.maven.apache.org/maven2/junit/junit/4.11/junit-4.11.pom
2013-05-21 20:11:00,294 [New I/O client worker #9-1] INFO  o.e.m.c.i.e.AbstractTransferListenerAdapter - Downloaded http://repo.maven.apache.org/maven2/junit/junit/4.11/junit-4.11.pom
2013-05-21 20:11:00,470 [Worker-10] INFO  c.n.h.c.p.n.NettyAsyncHttpProvider - Number of application's worked threads is 4
2013-05-21 20:11:00,894 [New I/O client worker #10-1] INFO  o.e.m.c.i.e.AbstractTransferListenerAdapter - Downloading http://repo.maven.apache.org/maven2/org/hamcrest/hamcrest-core/1.3/hamcrest-core-1.3.pom
2013-05-21 20:11:00,896 [New I/O client worker #10-1] INFO  o.e.m.c.i.e.AbstractTransferListenerAdapter - Downloaded http://repo.maven.apache.org/maven2/org/hamcrest/hamcrest-core/1.3/hamcrest-core-1.3.pom
2013-05-21 20:11:01,634 [Worker-10] INFO  c.n.h.c.p.n.NettyAsyncHttpProvider - Number of application's worked threads is 4
2013-05-21 20:11:03,082 [New I/O client worker #11-1] INFO  o.e.m.c.i.e.AbstractTransferListenerAdapter - Downloading http://repo.maven.apache.org/maven2/org/hamcrest/hamcrest-parent/1.3/hamcrest-parent-1.3.pom
2013-05-21 20:11:03,083 [New I/O client worker #11-1] INFO  o.e.m.c.i.e.AbstractTransferListenerAdapter - Downloaded http://repo.maven.apache.org/maven2/org/hamcrest/hamcrest-parent/1.3/hamcrest-parent-1.3.pom
2013-05-21 20:11:04,190 [Worker-10] INFO  c.n.h.c.p.n.NettyAsyncHttpProvider - Number of application's worked threads is 4
2013-05-21 20:11:04,477 [New I/O client worker #12-1] INFO  o.e.m.c.i.e.AbstractTransferListenerAdapter - Downloading http://repo.maven.apache.org/maven2/org/hamcrest/hamcrest-all/1.3/hamcrest-all-1.3.pom
2013-05-21 20:11:04,479 [New I/O client worker #12-1] INFO  o.e.m.c.i.e.AbstractTransferListenerAdapter - Downloaded http://repo.maven.apache.org/maven2/org/hamcrest/hamcrest-all/1.3/hamcrest-all-1.3.pom
2013-05-21 20:11:04,648 [Worker-10] INFO  c.n.h.c.p.n.NettyAsyncHttpProvider - Number of application's worked threads is 4
2013-05-21 20:11:05,602 [New I/O client worker #13-3] INFO  o.e.m.c.i.e.AbstractTransferListenerAdapter - Downloading http://repo.maven.apache.org/maven2/org/hamcrest/hamcrest-all/1.3/hamcrest-all-1.3.jar
2013-05-21 20:11:05,613 [New I/O client worker #13-2] INFO  o.e.m.c.i.e.AbstractTransferListenerAdapter - Downloading http://repo.maven.apache.org/maven2/org/hamcrest/hamcrest-core/1.3/hamcrest-core-1.3.jar
2013-05-21 20:11:06,664 [New I/O client worker #13-1] INFO  o.e.m.c.i.e.AbstractTransferListenerAdapter - Downloading http://repo.maven.apache.org/maven2/junit/junit/4.11/junit-4.11.jar
2013-05-21 20:11:07,021 [New I/O client worker #13-3] INFO  o.e.m.c.i.e.AbstractTransferListenerAdapter - Downloaded http://repo.maven.apache.org/maven2/org/hamcrest/hamcrest-all/1.3/hamcrest-all-1.3.jar
2013-05-21 20:11:07,546 [New I/O client worker #13-1] INFO  o.e.m.c.i.e.AbstractTransferListenerAdapter - Downloaded http://repo.maven.apache.org/maven2/junit/junit/4.11/junit-4.11.jar
2013-05-21 20:11:08,773 [New I/O client worker #13-2] INFO  o.e.m.c.i.e.AbstractTransferListenerAdapter - Downloaded http://repo.maven.apache.org/maven2/org/hamcrest/hamcrest-core/1.3/hamcrest-core-1.3.jar
2013-05-21 20:11:10,476 [Worker-10] INFO  o.e.m.c.i.l.LifecycleMappingFactory - Using org.eclipse.m2e.jdt.JarLifecycleMapping lifecycle mapping for MavenProject: scrumcourse:ScrumCourseDB:0.1.0-SNAPSHOT @ /Users/sbescudero/Desarrollo/workspaces/cursos/csd/ScrumCourseDB/pom.xml.
2013-05-21 20:11:10,853 [Worker-10] INFO  o.e.m.c.i.embedder.EclipseLogger - Using 'UTF-8' encoding to copy filtered resources.
2013-05-21 20:11:10,854 [Worker-10] INFO  o.e.m.c.i.embedder.EclipseLogger - skip non existing resourceDirectory /Users/sbescudero/Desarrollo/workspaces/cursos/csd/TestHamcrest/src/main/resources
2013-05-21 20:11:10,856 [Worker-10] INFO  o.e.m.c.i.embedder.EclipseLogger - Using 'UTF-8' encoding to copy filtered resources.
2013-05-21 20:11:10,856 [Worker-10] INFO  o.e.m.c.i.embedder.EclipseLogger - skip non existing resourceDirectory /Users/sbescudero/Desarrollo/workspaces/cursos/csd/TestHamcrest/src/test/resources
2013-05-21 20:11:11,980 [Worker-15] WARN  o.e.m.c.i.embedder.EclipseLogger - Using platform encoding (US-ASCII actually) to copy filtered resources, i.e. build is platform dependent!
2013-05-21 20:11:11,989 [Worker-15] INFO  o.e.m.c.i.embedder.EclipseLogger - Copying 0 resource
2013-05-21 20:11:11,992 [Worker-15] WARN  o.e.m.c.i.embedder.EclipseLogger - Using platform encoding (US-ASCII actually) to copy filtered resources, i.e. build is platform dependent!
2013-05-21 20:11:11,993 [Worker-15] INFO  o.e.m.c.i.embedder.EclipseLogger - skip non existing resourceDirectory /Users/sbescudero/Desarrollo/workspaces/cursos/csd/ScrumCourseDB/src/test/resources
2013-05-21 20:11:12,097 [Worker-15] INFO  o.e.m.c.i.embedder.EclipseLogger - Using 'UTF-8' encoding to copy filtered resources.
2013-05-21 20:11:12,097 [Worker-15] INFO  o.e.m.c.i.embedder.EclipseLogger - skip non existing resourceDirectory /Users/sbescudero/Desarrollo/workspaces/cursos/csd/TestHamcrest/src/main/resources
2013-05-21 20:11:12,099 [Worker-15] INFO  o.e.m.c.i.embedder.EclipseLogger - Using 'UTF-8' encoding to copy filtered resources.
2013-05-21 20:11:12,099 [Worker-15] INFO  o.e.m.c.i.embedder.EclipseLogger - skip non existing resourceDirectory /Users/sbescudero/Desarrollo/workspaces/cursos/csd/TestHamcrest/src/test/resources
2013-05-21 20:11:40,891 [Worker-12] INFO  o.e.m.c.i.embedder.EclipseLogger - Using 'UTF-8' encoding to copy filtered resources.
2013-05-21 20:11:40,891 [Worker-12] INFO  o.e.m.c.i.embedder.EclipseLogger - skip non existing resourceDirectory /Users/sbescudero/Desarrollo/workspaces/cursos/csd/TestHamcrest/src/main/resources
2013-05-21 20:11:40,894 [Worker-12] INFO  o.e.m.c.i.embedder.EclipseLogger - Using 'UTF-8' encoding to copy filtered resources.
2013-05-21 20:11:40,895 [Worker-12] INFO  o.e.m.c.i.embedder.EclipseLogger - skip non existing resourceDirectory /Users/sbescudero/Desarrollo/workspaces/cursos/csd/TestHamcrest/src/test/resources
2013-05-21 20:12:17,596 [Worker-12] INFO  o.e.m.c.i.embedder.EclipseLogger - Using 'UTF-8' encoding to copy filtered resources.
2013-05-21 20:12:17,597 [Worker-12] INFO  o.e.m.c.i.embedder.EclipseLogger - skip non existing resourceDirectory /Users/sbescudero/Desarrollo/workspaces/cursos/csd/TestHamcrest/src/main/resources
2013-05-21 20:12:17,599 [Worker-12] INFO  o.e.m.c.i.embedder.EclipseLogger - Using 'UTF-8' encoding to copy filtered resources.
2013-05-21 20:12:17,599 [Worker-12] INFO  o.e.m.c.i.embedder.EclipseLogger - skip non existing resourceDirectory /Users/sbescudero/Desarrollo/workspaces/cursos/csd/TestHamcrest/src/test/resources
2013-05-21 22:10:54,564 [Worker-0] WARN  o.e.m.c.i.markers.MarkerUtils - Could not find OSGI service for org.eclipse.m2e.core.internal.markers.IEditorMarkerService
2013-05-21 22:10:56,092 [Worker-7] INFO  o.e.m.c.i.i.nexus.NexusIndexManager - Updating index for repository: central|http://repo.maven.apache.org/maven2
2013-05-21 22:10:56,358 [Worker-7] INFO  c.n.h.c.p.n.NettyAsyncHttpProvider - Number of application's worked threads is 4
2013-05-21 22:10:56,864 [Worker-0] INFO  o.e.m.c.i.l.LifecycleMappingFactory - Using org.eclipse.m2e.jdt.JarLifecycleMapping lifecycle mapping for MavenProject: scrumcourse:ScrumCourseDB:0.1.0-SNAPSHOT @ /Users/sbescudero/Desarrollo/workspaces/cursos/csd/ScrumCourseDB/pom.xml.
2013-05-21 22:11:06,914 [Worker-7] INFO  o.e.m.c.i.i.nexus.NexusIndexManager - Updated index for repository: central|http://repo.maven.apache.org/maven2 in 10823 ms
2013-05-21 22:12:30,643 [Worker-2] INFO  o.e.m.c.i.i.nexus.NexusIndexManager - Updating index for repository: central|http://repo.maven.apache.org/maven2
2013-05-21 22:12:30,819 [Worker-2] INFO  c.n.h.c.p.n.NettyAsyncHttpProvider - Number of application's worked threads is 4
2013-05-21 22:12:41,062 [Worker-2] INFO  o.e.m.c.i.i.nexus.NexusIndexManager - Updated index for repository: central|http://repo.maven.apache.org/maven2 in 10427 ms
